2017-03-29 15:17:22 INFO MSTCP.vegas.more.MSTCPRequester <init> Starting up MSTCP-Vegas Connection. File: hello_repeat.txt
2017-03-29 15:17:22 INFO MSTCP.vegas.more.MSTCPRequester <init> Starting first connection (/127.0.0.1, 15000)
2017-03-29 15:17:26 INFO MSTCP.vegas.more.MSTCPRequester codeVector Requesting block 0 on connection 14000
2017-03-29 15:17:26 INFO MSTCP.vegas.more.MSTCPRequester <init> Connecting to 127.0.0.1 on port 15001
2017-03-29 15:17:26 INFO MSTCP.vegas.more.MSTCPRequester codeVector Requesting block 0 on connection 14000
2017-03-29 15:17:29 INFO MSTCP.vegas.more.MSTCPRequester codeVector Requesting block 0 on connection 14001
2017-03-29 15:17:29 INFO MSTCP.vegas.more.MSTCPRequester codeVector Requesting block 0 on connection 14001
2017-03-29 15:17:29 INFO MSTCP.vegas.more.MSTCPRequester codeVector Requesting block 0 on connection 14000
2017-03-29 15:17:29 INFO MSTCP.vegas.more.MSTCPRequester <init> Received block 0
2017-03-29 15:17:29 INFO MSTCP.vegas.more.MSTCPRequester codeVector Requesting block 1 on connection 14000
2017-03-29 15:17:31 INFO MSTCP.vegas.more.MSTCPRequester codeVector Requesting block 1 on connection 14000
2017-03-29 15:17:31 INFO MSTCP.vegas.more.MSTCPRequester codeVector Requesting block 1 on connection 14001
2017-03-29 15:17:31 INFO MSTCP.vegas.more.MSTCPRequester codeVector Requesting block 1 on connection 14001
2017-03-29 15:17:33 INFO MSTCP.vegas.more.MSTCPRequester codeVector Requesting block 1 on connection 14000
2017-03-29 15:17:33 INFO MSTCP.vegas.more.MSTCPRequester codeVector Requesting block 1 on connection 14001
2017-03-29 15:17:34 INFO MSTCP.vegas.more.MSTCPRequester codeVector Requesting block 1 on connection 14001
2017-03-29 15:17:34 INFO MSTCP.vegas.more.MSTCPRequester <init> Received block 1
2017-03-29 15:17:34 INFO MSTCP.vegas.more.MSTCPRequester codeVector Requesting block 2 on connection 14000
2017-03-29 15:17:35 INFO MSTCP.vegas.more.MSTCPRequester codeVector Requesting block 2 on connection 14000
2017-03-29 15:17:36 INFO MSTCP.vegas.more.MSTCPRequester codeVector Requesting block 2 on connection 14001
2017-03-29 15:17:37 INFO MSTCP.vegas.more.MSTCPRequester codeVector Requesting block 2 on connection 14000
2017-03-29 15:17:37 INFO MSTCP.vegas.more.MSTCPRequester codeVector Requesting block 2 on connection 14000
2017-03-29 15:17:38 INFO MSTCP.vegas.more.MSTCPRequester codeVector Requesting block 2 on connection 14001
2017-03-29 15:17:38 INFO MSTCP.vegas.more.MSTCPRequester codeVector Requesting block 2 on connection 14000
2017-03-29 15:17:38 INFO MSTCP.vegas.more.MSTCPRequester <init> Received block 2
2017-03-29 15:17:39 INFO MSTCP.vegas.more.MSTCPRequester codeVector Requesting block 3 on connection 14001
2017-03-29 15:17:39 INFO MSTCP.vegas.more.MSTCPRequester codeVector Requesting block 3 on connection 14001
2017-03-29 15:17:40 INFO MSTCP.vegas.more.MSTCPRequester codeVector Requesting block 3 on connection 14000
2017-03-29 15:17:41 INFO MSTCP.vegas.more.MSTCPRequester codeVector Requesting block 3 on connection 14001
2017-03-29 15:17:41 INFO MSTCP.vegas.more.MSTCPRequester codeVector Requesting block 3 on connection 14000
2017-03-29 15:17:42 INFO MSTCP.vegas.more.MSTCPRequester codeVector Requesting block 3 on connection 14001
2017-03-29 15:17:43 INFO MSTCP.vegas.more.MSTCPRequester codeVector Requesting block 3 on connection 14000
2017-03-29 15:17:43 INFO MSTCP.vegas.more.MSTCPRequester codeVector Requesting block 3 on connection 14001
2017-03-29 15:17:43 INFO MSTCP.vegas.more.MSTCPRequester <init> Received block 3
2017-03-29 15:17:43 INFO MSTCP.vegas.more.MSTCPRequester <init> We Done here.
