../evaluation/data/batch/s2_p1_c2_b1_p0.00/
#0 Starting Transfer of me.jpg. Started at 1494599095907
Transfer Complete. Took 1782ms
#1 Starting Transfer of me.jpg. Started at 1494599098174
Transfer Complete. Took 2107ms
#2 Starting Transfer of me.jpg. Started at 1494599100768
Transfer Complete. Took 2154ms
#3 Starting Transfer of me.jpg. Started at 1494599103408
Transfer Complete. Took 1585ms
#4 Starting Transfer of me.jpg. Started at 1494599105481
Transfer Complete. Took 1614ms
#5 Starting Transfer of me.jpg. Started at 1494599107583
Transfer Complete. Took 2069ms
#6 Starting Transfer of me.jpg. Started at 1494599110141
Transfer Complete. Took 1644ms
#7 Starting Transfer of me.jpg. Started at 1494599112281
Transfer Complete. Took 1707ms
#8 Starting Transfer of me.jpg. Started at 1494599114484
Transfer Complete. Took 1620ms
#9 Starting Transfer of me.jpg. Started at 1494599116625
Transfer Complete. Took 1580ms
../evaluation/data/batch/s2_p1_c2_b1_p0.01/
#0 Starting Transfer of me.jpg. Started at 1494599118718
Transfer Complete. Took 1637ms
#1 Starting Transfer of me.jpg. Started at 1494599120863
Transfer Complete. Took 1676ms
#2 Starting Transfer of me.jpg. Started at 1494599123025
Transfer Complete. Took 1635ms
#3 Starting Transfer of me.jpg. Started at 1494599125151
Transfer Complete. Took 1625ms
#4 Starting Transfer of me.jpg. Started at 1494599127277
Transfer Complete. Took 1775ms
#5 Starting Transfer of me.jpg. Started at 1494599129554
Transfer Complete. Took 1674ms
#6 Starting Transfer of me.jpg. Started at 1494599131724
Transfer Complete. Took 1793ms
#7 Starting Transfer of me.jpg. Started at 1494599134017
Transfer Complete. Took 1617ms
#8 Starting Transfer of me.jpg. Started at 1494599136132
Transfer Complete. Took 1659ms
#9 Starting Transfer of me.jpg. Started at 1494599138288
Transfer Complete. Took 1599ms
../evaluation/data/batch/s2_p1_c2_b1_p0.02/
#0 Starting Transfer of me.jpg. Started at 1494599140408
Transfer Complete. Took 1660ms
#1 Starting Transfer of me.jpg. Started at 1494599142559
Transfer Complete. Took 1689ms
#2 Starting Transfer of me.jpg. Started at 1494599144742
Transfer Complete. Took 1913ms
#3 Starting Transfer of me.jpg. Started at 1494599147139
Transfer Complete. Took 1637ms
#4 Starting Transfer of me.jpg. Started at 1494599149268
Transfer Complete. Took 1766ms
#5 Starting Transfer of me.jpg. Started at 1494599151534
Transfer Complete. Took 1698ms
#6 Starting Transfer of me.jpg. Started at 1494599153724
Transfer Complete. Took 1737ms
#7 Starting Transfer of me.jpg. Started at 1494599155946
Transfer Complete. Took 1574ms
#8 Starting Transfer of me.jpg. Started at 1494599158011
Transfer Complete. Took 1768ms
#9 Starting Transfer of me.jpg. Started at 1494599160296
Transfer Complete. Took 1829ms
../evaluation/data/batch/s2_p1_c2_b1_p0.03/
#0 Starting Transfer of me.jpg. Started at 1494599162651
Transfer Complete. Took 1664ms
#1 Starting Transfer of me.jpg. Started at 1494599164800
Transfer Complete. Took 1820ms
#2 Starting Transfer of me.jpg. Started at 1494599167128
Transfer Complete. Took 1931ms
#3 Starting Transfer of me.jpg. Started at 1494599169554
Transfer Complete. Took 1810ms
#4 Starting Transfer of me.jpg. Started at 1494599171857
Transfer Complete. Took 1836ms
#5 Starting Transfer of me.jpg. Started at 1494599174184
Transfer Complete. Took 1700ms
#6 Starting Transfer of me.jpg. Started at 1494599176379
Transfer Complete. Took 2064ms
#7 Starting Transfer of me.jpg. Started at 1494599178936
Transfer Complete. Took 1959ms
#8 Starting Transfer of me.jpg. Started at 1494599181383
Transfer Complete. Took 1923ms
#9 Starting Transfer of me.jpg. Started at 1494599183796
Transfer Complete. Took 1905ms
../evaluation/data/batch/s2_p1_c2_b1_p0.04/
#0 Starting Transfer of me.jpg. Started at 1494599186232
Transfer Complete. Took 2050ms
#1 Starting Transfer of me.jpg. Started at 1494599188772
Transfer Complete. Took 2022ms
#2 Starting Transfer of me.jpg. Started at 1494599191289
Transfer Complete. Took 1777ms
#3 Starting Transfer of me.jpg. Started at 1494599193566
Transfer Complete. Took 2119ms
#4 Starting Transfer of me.jpg. Started at 1494599196178
Transfer Complete. Took 1723ms
#5 Starting Transfer of me.jpg. Started at 1494599198408
Transfer Complete. Took 2164ms
#6 Starting Transfer of me.jpg. Started at 1494599201065
Transfer Complete. Took 1706ms
#7 Starting Transfer of me.jpg. Started at 1494599203262
Transfer Complete. Took 1803ms
#8 Starting Transfer of me.jpg. Started at 1494599205555
Transfer Complete. Took 1886ms
#9 Starting Transfer of me.jpg. Started at 1494599207953
Transfer Complete. Took 1775ms
../evaluation/data/batch/s2_p1_c2_b1_p0.05/
#0 Starting Transfer of me.jpg. Started at 1494599210244
Transfer Complete. Took 1905ms
#1 Starting Transfer of me.jpg. Started at 1494599212641
Transfer Complete. Took 1944ms
#2 Starting Transfer of me.jpg. Started at 1494599215076
Transfer Complete. Took 1908ms
#3 Starting Transfer of me.jpg. Started at 1494599217478
Transfer Complete. Took 1929ms
#4 Starting Transfer of me.jpg. Started at 1494599219899
Transfer Complete. Took 1937ms
#5 Starting Transfer of me.jpg. Started at 1494599222329
Transfer Complete. Took 2120ms
#6 Starting Transfer of me.jpg. Started at 1494599224950
Transfer Complete. Took 2198ms
#7 Starting Transfer of me.jpg. Started at 1494599227645
Transfer Complete. Took 2777ms
#8 Starting Transfer of me.jpg. Started at 1494599230921
Transfer Complete. Took 1838ms
#9 Starting Transfer of me.jpg. Started at 1494599233247
Transfer Complete. Took 2045ms
../evaluation/data/batch/s2_p1_c2_b2_p0.00/
#0 Starting Transfer of me.jpg. Started at 1494599235810
Transfer Complete. Took 1514ms
#1 Starting Transfer of me.jpg. Started at 1494599237802
Transfer Complete. Took 1541ms
#2 Starting Transfer of me.jpg. Started at 1494599239841
Transfer Complete. Took 1538ms
#3 Starting Transfer of me.jpg. Started at 1494599241866
Transfer Complete. Took 1525ms
#4 Starting Transfer of me.jpg. Started at 1494599243880
Transfer Complete. Took 1515ms
#5 Starting Transfer of me.jpg. Started at 1494599245882
Transfer Complete. Took 1532ms
#6 Starting Transfer of me.jpg. Started at 1494599247907
Transfer Complete. Took 1524ms
#7 Starting Transfer of me.jpg. Started at 1494599249909
Transfer Complete. Took 1520ms
#8 Starting Transfer of me.jpg. Started at 1494599251918
Transfer Complete. Took 1515ms
#9 Starting Transfer of me.jpg. Started at 1494599253925
Transfer Complete. Took 1522ms
../evaluation/data/batch/s2_p1_c2_b2_p0.01/
#0 Starting Transfer of me.jpg. Started at 1494599255950
Transfer Complete. Took 1572ms
#1 Starting Transfer of me.jpg. Started at 1494599258010
Transfer Complete. Took 1539ms
#2 Starting Transfer of me.jpg. Started at 1494599260049
Transfer Complete. Took 1545ms
#3 Starting Transfer of me.jpg. Started at 1494599262083
Transfer Complete. Took 1561ms
#4 Starting Transfer of me.jpg. Started at 1494599264135
Transfer Complete. Took 1594ms
#5 Starting Transfer of me.jpg. Started at 1494599266220
Transfer Complete. Took 1638ms
#6 Starting Transfer of me.jpg. Started at 1494599268372
Transfer Complete. Took 1574ms
#7 Starting Transfer of me.jpg. Started at 1494599270436
Transfer Complete. Took 1701ms
#8 Starting Transfer of me.jpg. Started at 1494599272631
Transfer Complete. Took 1986ms
#9 Starting Transfer of me.jpg. Started at 1494599275104
Transfer Complete. Took 1566ms
../evaluation/data/batch/s2_p1_c2_b2_p0.02/
#0 Starting Transfer of me.jpg. Started at 1494599277195
Transfer Complete. Took 1808ms
#1 Starting Transfer of me.jpg. Started at 1494599279493
Transfer Complete. Took 1635ms
#2 Starting Transfer of me.jpg. Started at 1494599281625
Transfer Complete. Took 1727ms
#3 Starting Transfer of me.jpg. Started at 1494599283851
Transfer Complete. Took 1780ms
#4 Starting Transfer of me.jpg. Started at 1494599286120
Transfer Complete. Took 1626ms
#5 Starting Transfer of me.jpg. Started at 1494599288236
Transfer Complete. Took 1603ms
#6 Starting Transfer of me.jpg. Started at 1494599290340
Transfer Complete. Took 1636ms
#7 Starting Transfer of me.jpg. Started at 1494599292472
Transfer Complete. Took 1635ms
#8 Starting Transfer of me.jpg. Started at 1494599294600
Transfer Complete. Took 1592ms
#9 Starting Transfer of me.jpg. Started at 1494599296696
Transfer Complete. Took 1749ms
../evaluation/data/batch/s2_p1_c2_b2_p0.03/
#0 Starting Transfer of me.jpg. Started at 1494599298959
Transfer Complete. Took 1556ms
#1 Starting Transfer of me.jpg. Started at 1494599301008
Transfer Complete. Took 1701ms
#2 Starting Transfer of me.jpg. Started at 1494599303196
Transfer Complete. Took 1654ms
#3 Starting Transfer of me.jpg. Started at 1494599305361
Transfer Complete. Took 1848ms
#4 Starting Transfer of me.jpg. Started at 1494599307698
Transfer Complete. Took 1803ms
#5 Starting Transfer of me.jpg. Started at 1494599309988
Transfer Complete. Took 1710ms
#6 Starting Transfer of me.jpg. Started at 1494599312194
Transfer Complete. Took 1710ms
#7 Starting Transfer of me.jpg. Started at 1494599314400
Transfer Complete. Took 1724ms
#8 Starting Transfer of me.jpg. Started at 1494599316611
Transfer Complete. Took 1709ms
#9 Starting Transfer of me.jpg. Started at 1494599318810
Transfer Complete. Took 1667ms
../evaluation/data/batch/s2_p1_c2_b2_p0.04/
#0 Starting Transfer of me.jpg. Started at 1494599320991
Transfer Complete. Took 2283ms
#1 Starting Transfer of me.jpg. Started at 1494599323762
Transfer Complete. Took 1708ms
#2 Starting Transfer of me.jpg. Started at 1494599325958
Transfer Complete. Took 1694ms
#3 Starting Transfer of me.jpg. Started at 1494599328143
Transfer Complete. Took 1825ms
#4 Starting Transfer of me.jpg. Started at 1494599330452
Transfer Complete. Took 1676ms
#5 Starting Transfer of me.jpg. Started at 1494599332620
Transfer Complete. Took 1828ms
#6 Starting Transfer of me.jpg. Started at 1494599334944
Transfer Complete. Took 1881ms
#7 Starting Transfer of me.jpg. Started at 1494599337318
Transfer Complete. Took 1791ms
#8 Starting Transfer of me.jpg. Started at 1494599339601
Transfer Complete. Took 1711ms
#9 Starting Transfer of me.jpg. Started at 1494599341824
Transfer Complete. Took 1749ms
../evaluation/data/batch/s2_p1_c2_b2_p0.05/
rm: cannot remove ‘../evaluation/data/batch/s2_p1_c2_b2_p0.05/’: No such file or directory
#0 Starting Transfer of me.jpg. Started at 1494599344067
Transfer Complete. Took 1991ms
#1 Starting Transfer of me.jpg. Started at 1494599346546
Transfer Complete. Took 1826ms
#2 Starting Transfer of me.jpg. Started at 1494599348854
Transfer Complete. Took 1787ms
#3 Starting Transfer of me.jpg. Started at 1494599351129
Transfer Complete. Took 2255ms
#4 Starting Transfer of me.jpg. Started at 1494599353884
Transfer Complete. Took 1689ms
#5 Starting Transfer of me.jpg. Started at 1494599356065
Transfer Complete. Took 2271ms
#6 Starting Transfer of me.jpg. Started at 1494599358826
Transfer Complete. Took 1805ms
#7 Starting Transfer of me.jpg. Started at 1494599361119
Transfer Complete. Took 1791ms
#8 Starting Transfer of me.jpg. Started at 1494599363416
Transfer Complete. Took 1814ms
#9 Starting Transfer of me.jpg. Started at 1494599365737
Transfer Complete. Took 1723ms
../evaluation/data/batch/s2_p1_c2_b4_p0.00/
rm: cannot remove ‘../evaluation/data/batch/s2_p1_c2_b4_p0.00/’: No such file or directory
#0 Starting Transfer of me.jpg. Started at 1494599367982
Transfer Complete. Took 1491ms
#1 Starting Transfer of me.jpg. Started at 1494599369964
Transfer Complete. Took 1510ms
#2 Starting Transfer of me.jpg. Started at 1494599371966
Transfer Complete. Took 1490ms
#3 Starting Transfer of me.jpg. Started at 1494599373946
Transfer Complete. Took 1492ms
#4 Starting Transfer of me.jpg. Started at 1494599375924
Transfer Complete. Took 1489ms
#5 Starting Transfer of me.jpg. Started at 1494599377918
Transfer Complete. Took 1486ms
#6 Starting Transfer of me.jpg. Started at 1494599379887
Transfer Complete. Took 1489ms
#7 Starting Transfer of me.jpg. Started at 1494599381867
Transfer Complete. Took 1496ms
#8 Starting Transfer of me.jpg. Started at 1494599383847
Transfer Complete. Took 1490ms
#9 Starting Transfer of me.jpg. Started at 1494599385832
Transfer Complete. Took 1499ms
../evaluation/data/batch/s2_p1_c2_b4_p0.01/
rm: cannot remove ‘../evaluation/data/batch/s2_p1_c2_b4_p0.01/’: No such file or directory
#0 Starting Transfer of me.jpg. Started at 1494599387838
Transfer Complete. Took 1500ms
#1 Starting Transfer of me.jpg. Started at 1494599389833
Transfer Complete. Took 1621ms
#2 Starting Transfer of me.jpg. Started at 1494599391943
Transfer Complete. Took 1536ms
#3 Starting Transfer of me.jpg. Started at 1494599393967
Transfer Complete. Took 1599ms
#4 Starting Transfer of me.jpg. Started at 1494599396062
Transfer Complete. Took 1489ms
#5 Starting Transfer of me.jpg. Started at 1494599398039
Transfer Complete. Took 1563ms
#6 Starting Transfer of me.jpg. Started at 1494599400096
Transfer Complete. Took 1509ms
#7 Starting Transfer of me.jpg. Started at 1494599402100
Transfer Complete. Took 1526ms
#8 Starting Transfer of me.jpg. Started at 1494599404116
Transfer Complete. Took 1489ms
#9 Starting Transfer of me.jpg. Started at 1494599406098
Transfer Complete. Took 1559ms
../evaluation/data/batch/s2_p1_c2_b4_p0.02/
rm: cannot remove ‘../evaluation/data/batch/s2_p1_c2_b4_p0.02/’: No such file or directory
#0 Starting Transfer of me.jpg. Started at 1494599408167
Transfer Complete. Took 1716ms
#1 Starting Transfer of me.jpg. Started at 1494599410374
Transfer Complete. Took 1563ms
#2 Starting Transfer of me.jpg. Started at 1494599412428
Transfer Complete. Took 1702ms
#3 Starting Transfer of me.jpg. Started at 1494599414651
Transfer Complete. Took 1546ms
#4 Starting Transfer of me.jpg. Started at 1494599416692
Transfer Complete. Took 1615ms
#5 Starting Transfer of me.jpg. Started at 1494599418801
Transfer Complete. Took 1676ms
#6 Starting Transfer of me.jpg. Started at 1494599420974
Transfer Complete. Took 1774ms
#7 Starting Transfer of me.jpg. Started at 1494599423244
Transfer Complete. Took 2014ms
#8 Starting Transfer of me.jpg. Started at 1494599425750
Transfer Complete. Took 1603ms
#9 Starting Transfer of me.jpg. Started at 1494599427851
Transfer Complete. Took 1596ms
../evaluation/data/batch/s2_p1_c2_b4_p0.03/
rm: cannot remove ‘../evaluation/data/batch/s2_p1_c2_b4_p0.03/’: No such file or directory
#0 Starting Transfer of me.jpg. Started at 1494599429959
Transfer Complete. Took 1558ms
#1 Starting Transfer of me.jpg. Started at 1494599432014
Transfer Complete. Took 1615ms
#2 Starting Transfer of me.jpg. Started at 1494599434128
Transfer Complete. Took 2581ms
#3 Starting Transfer of me.jpg. Started at 1494599437199
Transfer Complete. Took 2126ms
#4 Starting Transfer of me.jpg. Started at 1494599439814
Transfer Complete. Took 1706ms
#5 Starting Transfer of me.jpg. Started at 1494599442013
Transfer Complete. Took 1692ms
#6 Starting Transfer of me.jpg. Started at 1494599444193
Transfer Complete. Took 1887ms
#7 Starting Transfer of me.jpg. Started at 1494599446572
Transfer Complete. Took 1714ms
#8 Starting Transfer of me.jpg. Started at 1494599448778
Transfer Complete. Took 1597ms
#9 Starting Transfer of me.jpg. Started at 1494599450894
Transfer Complete. Took 1708ms
../evaluation/data/batch/s2_p1_c2_b4_p0.04/
rm: cannot remove ‘../evaluation/data/batch/s2_p1_c2_b4_p0.04/’: No such file or directory
#0 Starting Transfer of me.jpg. Started at 1494599453126
Transfer Complete. Took 1858ms
#1 Starting Transfer of me.jpg. Started at 1494599455464
Transfer Complete. Took 1614ms
#2 Starting Transfer of me.jpg. Started at 1494599457575
Transfer Complete. Took 1707ms
#3 Starting Transfer of me.jpg. Started at 1494599459769
Transfer Complete. Took 1853ms
#4 Starting Transfer of me.jpg. Started at 1494599462130
Transfer Complete. Took 1874ms
#5 Starting Transfer of me.jpg. Started at 1494599464494
Transfer Complete. Took 1582ms
#6 Starting Transfer of me.jpg. Started at 1494599466562
Transfer Complete. Took 1905ms
#7 Starting Transfer of me.jpg. Started at 1494599468964
Transfer Complete. Took 2221ms
#8 Starting Transfer of me.jpg. Started at 1494599471674
Transfer Complete. Took 2235ms
#9 Starting Transfer of me.jpg. Started at 1494599474419
Transfer Complete. Took 1833ms
../evaluation/data/batch/s2_p1_c2_b4_p0.05/
rm: cannot remove ‘../evaluation/data/batch/s2_p1_c2_b4_p0.05/’: No such file or directory
#0 Starting Transfer of me.jpg. Started at 1494599476778
Transfer Complete. Took 2289ms
#1 Starting Transfer of me.jpg. Started at 1494599479544
Transfer Complete. Took 1808ms
#2 Starting Transfer of me.jpg. Started at 1494599481839
Transfer Complete. Took 1739ms
#3 Starting Transfer of me.jpg. Started at 1494599484130
Transfer Complete. Took 1652ms
#4 Starting Transfer of me.jpg. Started at 1494599486275
Transfer Complete. Took 1669ms
#5 Starting Transfer of me.jpg. Started at 1494599488422
Transfer Complete. Took 1661ms
#6 Starting Transfer of me.jpg. Started at 1494599490572
Transfer Complete. Took 1900ms
#7 Starting Transfer of me.jpg. Started at 1494599492966
Transfer Complete. Took 1829ms
#8 Starting Transfer of me.jpg. Started at 1494599495295
Transfer Complete. Took 1792ms
#9 Starting Transfer of me.jpg. Started at 1494599497586
Transfer Complete. Took 1802ms
../evaluation/data/batch/s2_p1_c2_b8_p0.00/
rm: cannot remove ‘../evaluation/data/batch/s2_p1_c2_b8_p0.00/’: No such file or directory
#0 Starting Transfer of me.jpg. Started at 1494599499899
Transfer Complete. Took 1485ms
#1 Starting Transfer of me.jpg. Started at 1494599501872
Transfer Complete. Took 1470ms
#2 Starting Transfer of me.jpg. Started at 1494599503834
Transfer Complete. Took 1513ms
#3 Starting Transfer of me.jpg. Started at 1494599505848
Transfer Complete. Took 1473ms
#4 Starting Transfer of me.jpg. Started at 1494599507809
Transfer Complete. Took 1470ms
#5 Starting Transfer of me.jpg. Started at 1494599509768
Transfer Complete. Took 1473ms
#6 Starting Transfer of me.jpg. Started at 1494599511732
Transfer Complete. Took 1468ms
#7 Starting Transfer of me.jpg. Started at 1494599513682
Transfer Complete. Took 1476ms
#8 Starting Transfer of me.jpg. Started at 1494599515648
Transfer Complete. Took 1476ms
#9 Starting Transfer of me.jpg. Started at 1494599517629
Transfer Complete. Took 1484ms
../evaluation/data/batch/s2_p1_c2_b8_p0.01/
rm: cannot remove ‘../evaluation/data/batch/s2_p1_c2_b8_p0.01/’: No such file or directory
#0 Starting Transfer of me.jpg. Started at 1494599519617
Transfer Complete. Took 1481ms
#1 Starting Transfer of me.jpg. Started at 1494599521592
Transfer Complete. Took 1577ms
#2 Starting Transfer of me.jpg. Started at 1494599523660
Transfer Complete. Took 1592ms
#3 Starting Transfer of me.jpg. Started at 1494599525744
Transfer Complete. Took 1496ms
#4 Starting Transfer of me.jpg. Started at 1494599527735
Transfer Complete. Took 1494ms
#5 Starting Transfer of me.jpg. Started at 1494599529719
Transfer Complete. Took 1499ms
#6 Starting Transfer of me.jpg. Started at 1494599531712
Transfer Complete. Took 1523ms
#7 Starting Transfer of me.jpg. Started at 1494599533731
Transfer Complete. Took 1495ms
#8 Starting Transfer of me.jpg. Started at 1494599535712
Transfer Complete. Took 1534ms
#9 Starting Transfer of me.jpg. Started at 1494599537752
Transfer Complete. Took 1523ms
../evaluation/data/batch/s2_p1_c2_b8_p0.02/
rm: cannot remove ‘../evaluation/data/batch/s2_p1_c2_b8_p0.02/’: No such file or directory
#0 Starting Transfer of me.jpg. Started at 1494599539768
Transfer Complete. Took 1564ms
#1 Starting Transfer of me.jpg. Started at 1494599541817
Transfer Complete. Took 1496ms
#2 Starting Transfer of me.jpg. Started at 1494599543802
Transfer Complete. Took 1585ms
#3 Starting Transfer of me.jpg. Started at 1494599545912
Transfer Complete. Took 1573ms
#4 Starting Transfer of me.jpg. Started at 1494599547972
Transfer Complete. Took 1508ms
#5 Starting Transfer of me.jpg. Started at 1494599549972
Transfer Complete. Took 1557ms
#6 Starting Transfer of me.jpg. Started at 1494599552022
Transfer Complete. Took 1657ms
#7 Starting Transfer of me.jpg. Started at 1494599554168
Transfer Complete. Took 1541ms
#8 Starting Transfer of me.jpg. Started at 1494599556203
Transfer Complete. Took 1496ms
#9 Starting Transfer of me.jpg. Started at 1494599558189
Transfer Complete. Took 1666ms
../evaluation/data/batch/s2_p1_c2_b8_p0.03/
rm: cannot remove ‘../evaluation/data/batch/s2_p1_c2_b8_p0.03/’: No such file or directory
#0 Starting Transfer of me.jpg. Started at 1494599560351
Transfer Complete. Took 1652ms
#1 Starting Transfer of me.jpg. Started at 1494599562495
Transfer Complete. Took 1625ms
#2 Starting Transfer of me.jpg. Started at 1494599564617
Transfer Complete. Took 1555ms
#3 Starting Transfer of me.jpg. Started at 1494599566664
Transfer Complete. Took 1547ms
#4 Starting Transfer of me.jpg. Started at 1494599568704
Transfer Complete. Took 1624ms
#5 Starting Transfer of me.jpg. Started at 1494599570830
Transfer Complete. Took 1704ms
#6 Starting Transfer of me.jpg. Started at 1494599573028
Transfer Complete. Took 1646ms
#7 Starting Transfer of me.jpg. Started at 1494599575170
Transfer Complete. Took 1582ms
#8 Starting Transfer of me.jpg. Started at 1494599577245
Transfer Complete. Took 1591ms
#9 Starting Transfer of me.jpg. Started at 1494599579326
Transfer Complete. Took 1594ms
../evaluation/data/batch/s2_p1_c2_b8_p0.04/
rm: cannot remove ‘../evaluation/data/batch/s2_p1_c2_b8_p0.04/’: No such file or directory
#0 Starting Transfer of me.jpg. Started at 1494599581497
Transfer Complete. Took 1598ms
#1 Starting Transfer of me.jpg. Started at 1494599583584
Transfer Complete. Took 1682ms
#2 Starting Transfer of me.jpg. Started at 1494599585762
Transfer Complete. Took 1640ms
#3 Starting Transfer of me.jpg. Started at 1494599587893
Transfer Complete. Took 1650ms
#4 Starting Transfer of me.jpg. Started at 1494599590035
Transfer Complete. Took 1727ms
#5 Starting Transfer of me.jpg. Started at 1494599592259
Transfer Complete. Took 2337ms
#6 Starting Transfer of me.jpg. Started at 1494599595088
Transfer Complete. Took 1673ms
#7 Starting Transfer of me.jpg. Started at 1494599597258
Transfer Complete. Took 1701ms
#8 Starting Transfer of me.jpg. Started at 1494599599452
Transfer Complete. Took 1670ms
#9 Starting Transfer of me.jpg. Started at 1494599601616
Transfer Complete. Took 1761ms
../evaluation/data/batch/s2_p1_c2_b8_p0.05/
rm: cannot remove ‘../evaluation/data/batch/s2_p1_c2_b8_p0.05/’: No such file or directory
#0 Starting Transfer of me.jpg. Started at 1494599603879
Transfer Complete. Took 1797ms
#1 Starting Transfer of me.jpg. Started at 1494599606178
Transfer Complete. Took 1923ms
#2 Starting Transfer of me.jpg. Started at 1494599608602
Transfer Complete. Took 1901ms
#3 Starting Transfer of me.jpg. Started at 1494599610997
Transfer Complete. Took 1666ms
#4 Starting Transfer of me.jpg. Started at 1494599613165
Transfer Complete. Took 2276ms
#5 Starting Transfer of me.jpg. Started at 1494599615933
Transfer Complete. Took 2687ms
#6 Starting Transfer of me.jpg. Started at 1494599619121
Transfer Complete. Took 1597ms
#7 Starting Transfer of me.jpg. Started at 1494599621217
Exception in thread "Thread-25" java.lang.IllegalStateException: Timer already cancelled.
	at java.util.Timer.sched(Timer.java:397)
	at java.util.Timer.schedule(Timer.java:193)
	at MSTCP.vegas.more.MSTCPRequesterConnection.setTimer(MSTCPRequesterConnection.java:96)
	at MSTCP.vegas.more.MSTCPRequesterConnection.access$700(MSTCPRequesterConnection.java:19)
	at MSTCP.vegas.more.MSTCPRequesterConnection$InThread.run(MSTCPRequesterConnection.java:410)
Transfer Complete. Took 1622ms
#8 Starting Transfer of me.jpg. Started at 1494599623331
Transfer Complete. Took 2038ms
#9 Starting Transfer of me.jpg. Started at 1494599625862
Transfer Complete. Took 1725ms
../evaluation/data/batch/s2_p1_c2_b16_p0.00/
rm: cannot remove ‘../evaluation/data/batch/s2_p1_c2_b16_p0.00/’: No such file or directory
#0 Starting Transfer of me.jpg. Started at 1494599628120
Transfer Complete. Took 1480ms
#1 Starting Transfer of me.jpg. Started at 1494599630109
Transfer Complete. Took 1483ms
#2 Starting Transfer of me.jpg. Started at 1494599632093
Transfer Complete. Took 1468ms
#3 Starting Transfer of me.jpg. Started at 1494599634050
Transfer Complete. Took 1478ms
#4 Starting Transfer of me.jpg. Started at 1494599636015
Transfer Complete. Took 1470ms
#5 Starting Transfer of me.jpg. Started at 1494599637975
Transfer Complete. Took 1476ms
#6 Starting Transfer of me.jpg. Started at 1494599639939
Transfer Complete. Took 1478ms
#7 Starting Transfer of me.jpg. Started at 1494599641909
Transfer Complete. Took 1478ms
#8 Starting Transfer of me.jpg. Started at 1494599643877
Transfer Complete. Took 1486ms
#9 Starting Transfer of me.jpg. Started at 1494599645867
Transfer Complete. Took 1484ms
../evaluation/data/batch/s2_p1_c2_b16_p0.01/
rm: cannot remove ‘../evaluation/data/batch/s2_p1_c2_b16_p0.01/’: No such file or directory
#0 Starting Transfer of me.jpg. Started at 1494599647845
Transfer Complete. Took 1485ms
#1 Starting Transfer of me.jpg. Started at 1494599649819
Transfer Complete. Took 1517ms
#2 Starting Transfer of me.jpg. Started at 1494599651829
Exception in thread "Thread-25" java.lang.IllegalStateException: Timer already cancelled.
	at java.util.Timer.sched(Timer.java:397)
	at java.util.Timer.schedule(Timer.java:193)
	at MSTCP.vegas.more.MSTCPRequesterConnection.setTimer(MSTCPRequesterConnection.java:96)
	at MSTCP.vegas.more.MSTCPRequesterConnection.access$700(MSTCPRequesterConnection.java:19)
	at MSTCP.vegas.more.MSTCPRequesterConnection$InThread.run(MSTCPRequesterConnection.java:410)
Transfer Complete. Took 1495ms
#3 Starting Transfer of me.jpg. Started at 1494599653829
Transfer Complete. Took 1602ms
#4 Starting Transfer of me.jpg. Started at 1494599655923
Transfer Complete. Took 1483ms
#5 Starting Transfer of me.jpg. Started at 1494599657900
Transfer Complete. Took 1515ms
#6 Starting Transfer of me.jpg. Started at 1494599659906
Transfer Complete. Took 1514ms
#7 Starting Transfer of me.jpg. Started at 1494599661909
Transfer Complete. Took 1479ms
#8 Starting Transfer of me.jpg. Started at 1494599663875
Transfer Complete. Took 1493ms
#9 Starting Transfer of me.jpg. Started at 1494599665862
Transfer Complete. Took 1497ms
../evaluation/data/batch/s2_p1_c2_b16_p0.02/
rm: cannot remove ‘../evaluation/data/batch/s2_p1_c2_b16_p0.02/’: No such file or directory
#0 Starting Transfer of me.jpg. Started at 1494599667854
Transfer Complete. Took 1671ms
#1 Starting Transfer of me.jpg. Started at 1494599670024
Transfer Complete. Took 1602ms
#2 Starting Transfer of me.jpg. Started at 1494599672121
Transfer Complete. Took 1664ms
#3 Starting Transfer of me.jpg. Started at 1494599674277
Transfer Complete. Took 1763ms
#4 Starting Transfer of me.jpg. Started at 1494599676529
Transfer Complete. Took 1629ms
#5 Starting Transfer of me.jpg. Started at 1494599678651
Transfer Complete. Took 1530ms
#6 Starting Transfer of me.jpg. Started at 1494599680670
Transfer Complete. Took 1537ms
#7 Starting Transfer of me.jpg. Started at 1494599682700
Transfer Complete. Took 1579ms
#8 Starting Transfer of me.jpg. Started at 1494599684770
Transfer Complete. Took 1576ms
#9 Starting Transfer of me.jpg. Started at 1494599686847
Transfer Complete. Took 1534ms
../evaluation/data/batch/s2_p1_c2_b16_p0.03/
rm: cannot remove ‘../evaluation/data/batch/s2_p1_c2_b16_p0.03/’: No such file or directory
#0 Starting Transfer of me.jpg. Started at 1494599688873
Transfer Complete. Took 1685ms
#1 Starting Transfer of me.jpg. Started at 1494599691045
Transfer Complete. Took 1561ms
#2 Starting Transfer of me.jpg. Started at 1494599693115
Transfer Complete. Took 1577ms
#3 Starting Transfer of me.jpg. Started at 1494599695188
Transfer Complete. Took 1535ms
#4 Starting Transfer of me.jpg. Started at 1494599697214
Transfer Complete. Took 1760ms
#5 Starting Transfer of me.jpg. Started at 1494599699440
Transfer Complete. Took 1639ms
#6 Starting Transfer of me.jpg. Started at 1494599701575
Transfer Complete. Took 1646ms
#7 Starting Transfer of me.jpg. Started at 1494599704206
Transfer Complete. Took 1655ms
#8 Starting Transfer of me.jpg. Started at 1494599706363
Transfer Complete. Took 1561ms
#9 Starting Transfer of me.jpg. Started at 1494599708416
Transfer Complete. Took 2033ms
../evaluation/data/batch/s2_p1_c2_b16_p0.04/
rm: cannot remove ‘../evaluation/data/batch/s2_p1_c2_b16_p0.04/’: No such file or directory
#0 Starting Transfer of me.jpg. Started at 1494599710979
Transfer Complete. Took 1676ms
#1 Starting Transfer of me.jpg. Started at 1494599713151
Transfer Complete. Took 1640ms
#2 Starting Transfer of me.jpg. Started at 1494599715284
Transfer Complete. Took 1658ms
#3 Starting Transfer of me.jpg. Started at 1494599717436
Transfer Complete. Took 1631ms
#4 Starting Transfer of me.jpg. Started at 1494599719557
Transfer Complete. Took 1791ms
#5 Starting Transfer of me.jpg. Started at 1494599721839
Transfer Complete. Took 1782ms
#6 Starting Transfer of me.jpg. Started at 1494599724111
Transfer Complete. Took 1670ms
#7 Starting Transfer of me.jpg. Started at 1494599726271
Transfer Complete. Took 1657ms
#8 Starting Transfer of me.jpg. Started at 1494599728426
Transfer Complete. Took 1608ms
#9 Starting Transfer of me.jpg. Started at 1494599730534
Transfer Complete. Took 1620ms
../evaluation/data/batch/s2_p1_c2_b16_p0.05/
rm: cannot remove ‘../evaluation/data/batch/s2_p1_c2_b16_p0.05/’: No such file or directory
#0 Starting Transfer of me.jpg. Started at 1494599732656
Transfer Complete. Took 1619ms
#1 Starting Transfer of me.jpg. Started at 1494599734762
Transfer Complete. Took 1653ms
#2 Starting Transfer of me.jpg. Started at 1494599736907
Transfer Complete. Took 2070ms
#3 Starting Transfer of me.jpg. Started at 1494599739461
Transfer Complete. Took 2985ms
#4 Starting Transfer of me.jpg. Started at 1494599742933
Transfer Complete. Took 1572ms
#5 Starting Transfer of me.jpg. Started at 1494599744996
Transfer Complete. Took 1865ms
#6 Starting Transfer of me.jpg. Started at 1494599747347
Transfer Complete. Took 1738ms
#7 Starting Transfer of me.jpg. Started at 1494599749573
Transfer Complete. Took 1860ms
#8 Starting Transfer of me.jpg. Started at 1494599751923
Transfer Complete. Took 1647ms
#9 Starting Transfer of me.jpg. Started at 1494599754074
Transfer Complete. Took 1800ms
../evaluation/data/batch/s2_p1_c2_b64_p0.00/
rm: cannot remove ‘../evaluation/data/batch/s2_p1_c2_b64_p0.00/’: No such file or directory
#0 Starting Transfer of me.jpg. Started at 1494599756367
Transfer Complete. Took 1505ms
#1 Starting Transfer of me.jpg. Started at 1494599758365
Transfer Complete. Took 1478ms
#2 Starting Transfer of me.jpg. Started at 1494599760332
Transfer Complete. Took 1486ms
#3 Starting Transfer of me.jpg. Started at 1494599762321
Transfer Complete. Took 1523ms
#4 Starting Transfer of me.jpg. Started at 1494599764331
Transfer Complete. Took 1485ms
#5 Starting Transfer of me.jpg. Started at 1494599766304
Transfer Complete. Took 1492ms
#6 Starting Transfer of me.jpg. Started at 1494599768289
Transfer Complete. Took 1501ms
#7 Starting Transfer of me.jpg. Started at 1494599770280
Transfer Complete. Took 1484ms
#8 Starting Transfer of me.jpg. Started at 1494599772263
Transfer Complete. Took 1498ms
#9 Starting Transfer of me.jpg. Started at 1494599774244
Transfer Complete. Took 1492ms
../evaluation/data/batch/s2_p1_c2_b64_p0.01/
rm: cannot remove ‘../evaluation/data/batch/s2_p1_c2_b64_p0.01/’: No such file or directory
#0 Starting Transfer of me.jpg. Started at 1494599776245
Transfer Complete. Took 1493ms
#1 Starting Transfer of me.jpg. Started at 1494599778225
Transfer Complete. Took 1504ms
#2 Starting Transfer of me.jpg. Started at 1494599780232
Transfer Complete. Took 1591ms
#3 Starting Transfer of me.jpg. Started at 1494599782318
Transfer Complete. Took 1542ms
#4 Starting Transfer of me.jpg. Started at 1494599784346
Transfer Complete. Took 1556ms
#5 Starting Transfer of me.jpg. Started at 1494599786396
Transfer Complete. Took 1538ms
#6 Starting Transfer of me.jpg. Started at 1494599788422
Transfer Complete. Took 1537ms
#7 Starting Transfer of me.jpg. Started at 1494599790458
Transfer Complete. Took 1510ms
#8 Starting Transfer of me.jpg. Started at 1494599792464
Transfer Complete. Took 1550ms
#9 Starting Transfer of me.jpg. Started at 1494599794512
Transfer Complete. Took 1545ms
../evaluation/data/batch/s2_p1_c2_b64_p0.02/
rm: cannot remove ‘../evaluation/data/batch/s2_p1_c2_b64_p0.02/’: No such file or directory
#0 Starting Transfer of me.jpg. Started at 1494599796551
Transfer Complete. Took 1598ms
#1 Starting Transfer of me.jpg. Started at 1494599798644
Transfer Complete. Took 1552ms
#2 Starting Transfer of me.jpg. Started at 1494599800689
Transfer Complete. Took 1784ms
#3 Starting Transfer of me.jpg. Started at 1494599802964
Transfer Complete. Took 1585ms
#4 Starting Transfer of me.jpg. Started at 1494599805043
Transfer Complete. Took 1531ms
#5 Starting Transfer of me.jpg. Started at 1494599807065
Transfer Complete. Took 1514ms
#6 Starting Transfer of me.jpg. Started at 1494599809062
Transfer Complete. Took 1560ms
#7 Starting Transfer of me.jpg. Started at 1494599811117
Transfer Complete. Took 1529ms
#8 Starting Transfer of me.jpg. Started at 1494599813146
Transfer Complete. Took 1661ms
#9 Starting Transfer of me.jpg. Started at 1494599815301
Transfer Complete. Took 1566ms
../evaluation/data/batch/s2_p1_c2_b64_p0.03/
rm: cannot remove ‘../evaluation/data/batch/s2_p1_c2_b64_p0.03/’: No such file or directory
#0 Starting Transfer of me.jpg. Started at 1494599817372
Transfer Complete. Took 1573ms
#1 Starting Transfer of me.jpg. Started at 1494599819442
Transfer Complete. Took 1681ms
#2 Starting Transfer of me.jpg. Started at 1494599821614
Transfer Complete. Took 1863ms
#3 Starting Transfer of me.jpg. Started at 1494599823969
Transfer Complete. Took 1726ms
#4 Starting Transfer of me.jpg. Started at 1494599826190
Transfer Complete. Took 1732ms
#5 Starting Transfer of me.jpg. Started at 1494599828421
Transfer Complete. Took 1835ms
#6 Starting Transfer of me.jpg. Started at 1494599830740
Transfer Complete. Took 1628ms
#7 Starting Transfer of me.jpg. Started at 1494599832848
Transfer Complete. Took 1569ms
#8 Starting Transfer of me.jpg. Started at 1494599834909
Transfer Complete. Took 1693ms
#9 Starting Transfer of me.jpg. Started at 1494599837094
Transfer Complete. Took 1639ms
../evaluation/data/batch/s2_p1_c2_b64_p0.04/
rm: cannot remove ‘../evaluation/data/batch/s2_p1_c2_b64_p0.04/’: No such file or directory
#0 Starting Transfer of me.jpg. Started at 1494599839236
Transfer Complete. Took 1927ms
#1 Starting Transfer of me.jpg. Started at 1494599841654
Transfer Complete. Took 2478ms
#2 Starting Transfer of me.jpg. Started at 1494599844988
Transfer Complete. Took 2169ms
#3 Starting Transfer of me.jpg. Started at 1494599847656
Transfer Complete. Took 1651ms
#4 Starting Transfer of me.jpg. Started at 1494599849796
Transfer Complete. Took 1630ms
#5 Starting Transfer of me.jpg. Started at 1494599851940
Transfer Complete. Took 1595ms
#6 Starting Transfer of me.jpg. Started at 1494599854037
Transfer Complete. Took 1582ms
#7 Starting Transfer of me.jpg. Started at 1494599856112
Transfer Complete. Took 1679ms
#8 Starting Transfer of me.jpg. Started at 1494599858294
Transfer Complete. Took 1787ms
#9 Starting Transfer of me.jpg. Started at 1494599860581
Transfer Complete. Took 1734ms
../evaluation/data/batch/s2_p1_c2_b64_p0.05/
rm: cannot remove ‘../evaluation/data/batch/s2_p1_c2_b64_p0.05/’: No such file or directory
#0 Starting Transfer of me.jpg. Started at 1494599862818
Transfer Complete. Took 1802ms
#1 Starting Transfer of me.jpg. Started at 1494599865134
Transfer Complete. Took 1787ms
#2 Starting Transfer of me.jpg. Started at 1494599867413
Transfer Complete. Took 1583ms
#3 Starting Transfer of me.jpg. Started at 1494599869480
Transfer Complete. Took 1676ms
#4 Starting Transfer of me.jpg. Started at 1494599871639
Transfer Complete. Took 1845ms
#5 Starting Transfer of me.jpg. Started at 1494599873972
Transfer Complete. Took 1619ms
#6 Starting Transfer of me.jpg. Started at 1494599876122
Transfer Complete. Took 1650ms
#7 Starting Transfer of me.jpg. Started at 1494599878265
Transfer Complete. Took 1763ms
#8 Starting Transfer of me.jpg. Started at 1494599880522
Transfer Complete. Took 2209ms
#9 Starting Transfer of me.jpg. Started at 1494599883241
Transfer Complete. Took 1790ms
../evaluation/data/batch/s2_p1_c2_b128_p0.00/
rm: cannot remove ‘../evaluation/data/batch/s2_p1_c2_b128_p0.00/’: No such file or directory
#0 Starting Transfer of me.jpg. Started at 1494599885532
Transfer Complete. Took 1487ms
#1 Starting Transfer of me.jpg. Started at 1494599887512
Transfer Complete. Took 1487ms
#2 Starting Transfer of me.jpg. Started at 1494599889499
Transfer Complete. Took 1486ms
#3 Starting Transfer of me.jpg. Started at 1494599891474
Transfer Complete. Took 1473ms
#4 Starting Transfer of me.jpg. Started at 1494599893442
Transfer Complete. Took 1483ms
#5 Starting Transfer of me.jpg. Started at 1494599895418
Transfer Complete. Took 1497ms
#6 Starting Transfer of me.jpg. Started at 1494599897410
Transfer Complete. Took 1488ms
#7 Starting Transfer of me.jpg. Started at 1494599899392
Transfer Complete. Took 1502ms
#8 Starting Transfer of me.jpg. Started at 1494599901404
Transfer Complete. Took 1496ms
#9 Starting Transfer of me.jpg. Started at 1494599903405
Transfer Complete. Took 1491ms
../evaluation/data/batch/s2_p1_c2_b128_p0.01/
rm: cannot remove ‘../evaluation/data/batch/s2_p1_c2_b128_p0.01/’: No such file or directory
#0 Starting Transfer of me.jpg. Started at 1494599905390
Transfer Complete. Took 1484ms
#1 Starting Transfer of me.jpg. Started at 1494599907383
Transfer Complete. Took 1595ms
#2 Starting Transfer of me.jpg. Started at 1494599909564
Transfer Complete. Took 1595ms
#3 Starting Transfer of me.jpg. Started at 1494599911653
Transfer Complete. Took 1541ms
#4 Starting Transfer of me.jpg. Started at 1494599913682
Transfer Complete. Took 1500ms
#5 Starting Transfer of me.jpg. Started at 1494599915684
Transfer Complete. Took 1523ms
#6 Starting Transfer of me.jpg. Started at 1494599917703
Transfer Complete. Took 1499ms
#7 Starting Transfer of me.jpg. Started at 1494599919698
Transfer Complete. Took 1498ms
#8 Starting Transfer of me.jpg. Started at 1494599921686
Transfer Complete. Took 1548ms
#9 Starting Transfer of me.jpg. Started at 1494599923726
Transfer Complete. Took 1576ms
../evaluation/data/batch/s2_p1_c2_b128_p0.02/
rm: cannot remove ‘../evaluation/data/batch/s2_p1_c2_b128_p0.02/’: No such file or directory
#0 Starting Transfer of me.jpg. Started at 1494599925808
Transfer Complete. Took 1567ms
#1 Starting Transfer of me.jpg. Started at 1494599927871
Transfer Complete. Took 2219ms
#2 Starting Transfer of me.jpg. Started at 1494599930580
Transfer Complete. Took 1527ms
#3 Starting Transfer of me.jpg. Started at 1494599932607
Transfer Complete. Took 1610ms
#4 Starting Transfer of me.jpg. Started at 1494599934716
Transfer Complete. Took 1795ms
#5 Starting Transfer of me.jpg. Started at 1494599937005
Transfer Complete. Took 1570ms
#6 Starting Transfer of me.jpg. Started at 1494599939076
Transfer Complete. Took 2073ms
#7 Starting Transfer of me.jpg. Started at 1494599941632
Transfer Complete. Took 1521ms
#8 Starting Transfer of me.jpg. Started at 1494599943653
Transfer Complete. Took 1504ms
#9 Starting Transfer of me.jpg. Started at 1494599945652
Transfer Complete. Took 1625ms
../evaluation/data/batch/s2_p1_c2_b128_p0.03/
rm: cannot remove ‘../evaluation/data/batch/s2_p1_c2_b128_p0.03/’: No such file or directory
#0 Starting Transfer of me.jpg. Started at 1494599947794
Transfer Complete. Took 1569ms
#1 Starting Transfer of me.jpg. Started at 1494599949850
Transfer Complete. Took 1655ms
#2 Starting Transfer of me.jpg. Started at 1494599952005
Transfer Complete. Took 1680ms
#3 Starting Transfer of me.jpg. Started at 1494599954178
Transfer Complete. Took 1740ms
#4 Starting Transfer of me.jpg. Started at 1494599956412
Transfer Complete. Took 1611ms
#5 Starting Transfer of me.jpg. Started at 1494599958515
Transfer Complete. Took 1583ms
#6 Starting Transfer of me.jpg. Started at 1494599960592
Transfer Complete. Took 1543ms
#7 Starting Transfer of me.jpg. Started at 1494599962632
Transfer Complete. Took 1680ms
#8 Starting Transfer of me.jpg. Started at 1494599964807
Transfer Complete. Took 1673ms
#9 Starting Transfer of me.jpg. Started at 1494599966970
Transfer Complete. Took 1676ms
../evaluation/data/batch/s2_p1_c2_b128_p0.04/
rm: cannot remove ‘../evaluation/data/batch/s2_p1_c2_b128_p0.04/’: No such file or directory
#0 Starting Transfer of me.jpg. Started at 1494599969179
Transfer Complete. Took 1788ms
#1 Starting Transfer of me.jpg. Started at 1494599971464
Transfer Complete. Took 1778ms
#2 Starting Transfer of me.jpg. Started at 1494599973727
Transfer Complete. Took 1996ms
#3 Starting Transfer of me.jpg. Started at 1494599976221
Transfer Complete. Took 1698ms
#4 Starting Transfer of me.jpg. Started at 1494599978412
Transfer Complete. Took 1584ms
#5 Starting Transfer of me.jpg. Started at 1494599980493
Transfer Complete. Took 1764ms
#6 Starting Transfer of me.jpg. Started at 1494599982754
Transfer Complete. Took 1731ms
#7 Starting Transfer of me.jpg. Started at 1494599984980
Transfer Complete. Took 1652ms
#8 Starting Transfer of me.jpg. Started at 1494599987153
Transfer Complete. Took 2329ms
#9 Starting Transfer of me.jpg. Started at 1494599989985
Transfer Complete. Took 1756ms
../evaluation/data/batch/s2_p1_c2_b128_p0.05/
rm: cannot remove ‘../evaluation/data/batch/s2_p1_c2_b128_p0.05/’: No such file or directory
#0 Starting Transfer of me.jpg. Started at 1494599992256
Transfer Complete. Took 1849ms
#1 Starting Transfer of me.jpg. Started at 1494599994602
Transfer Complete. Took 1624ms
#2 Starting Transfer of me.jpg. Started at 1494599996723
Transfer Complete. Took 1853ms
#3 Starting Transfer of me.jpg. Started at 1494599999069
Transfer Complete. Took 1773ms
#4 Starting Transfer of me.jpg. Started at 1494600001342
Transfer Complete. Took 1731ms
#5 Starting Transfer of me.jpg. Started at 1494600003570
Transfer Complete. Took 1716ms
#6 Starting Transfer of me.jpg. Started at 1494600005784
Transfer Complete. Took 1805ms
#7 Starting Transfer of me.jpg. Started at 1494600008086
Transfer Complete. Took 1713ms
#8 Starting Transfer of me.jpg. Started at 1494600010297
Transfer Complete. Took 1751ms
#9 Starting Transfer of me.jpg. Started at 1494600012539
Transfer Complete. Took 1663ms
../evaluation/data/batch/s2_p1_c2_b256_p0.00/
rm: cannot remove ‘../evaluation/data/batch/s2_p1_c2_b256_p0.00/’: No such file or directory
#0 Starting Transfer of me.jpg. Started at 1494600014712
Transfer Complete. Took 1469ms
#1 Starting Transfer of me.jpg. Started at 1494600016673
Transfer Complete. Took 1467ms
#2 Starting Transfer of me.jpg. Started at 1494600018633
Transfer Complete. Took 1460ms
#3 Starting Transfer of me.jpg. Started at 1494600020581
Transfer Complete. Took 1460ms
#4 Starting Transfer of me.jpg. Started at 1494600022535
Transfer Complete. Took 1470ms
#5 Starting Transfer of me.jpg. Started at 1494600024499
Transfer Complete. Took 1453ms
#6 Starting Transfer of me.jpg. Started at 1494600026457
Transfer Complete. Took 1469ms
#7 Starting Transfer of me.jpg. Started at 1494600028427
Transfer Complete. Took 1481ms
#8 Starting Transfer of me.jpg. Started at 1494600030400
Transfer Complete. Took 1461ms
#9 Starting Transfer of me.jpg. Started at 1494600032352
Transfer Complete. Took 1462ms
../evaluation/data/batch/s2_p1_c2_b256_p0.01/
rm: cannot remove ‘../evaluation/data/batch/s2_p1_c2_b256_p0.01/’: No such file or directory
#0 Starting Transfer of me.jpg. Started at 1494600034310
Transfer Complete. Took 1533ms
#1 Starting Transfer of me.jpg. Started at 1494600036334
Transfer Complete. Took 1469ms
#2 Starting Transfer of me.jpg. Started at 1494600038293
Transfer Complete. Took 1520ms
#3 Starting Transfer of me.jpg. Started at 1494600040313
Transfer Complete. Took 1487ms
#4 Starting Transfer of me.jpg. Started at 1494600042303
Transfer Complete. Took 1514ms
#5 Starting Transfer of me.jpg. Started at 1494600044305
Transfer Complete. Took 1487ms
#6 Starting Transfer of me.jpg. Started at 1494600046275
Transfer Complete. Took 1488ms
#7 Starting Transfer of me.jpg. Started at 1494600048253
Exception in thread "Thread-25" java.lang.IllegalStateException: Timer already cancelled.
	at java.util.Timer.sched(Timer.java:397)
	at java.util.Timer.schedule(Timer.java:193)
	at MSTCP.vegas.more.MSTCPRequesterConnection.setTimer(MSTCPRequesterConnection.java:96)
	at MSTCP.vegas.more.MSTCPRequesterConnection.access$700(MSTCPRequesterConnection.java:19)
	at MSTCP.vegas.more.MSTCPRequesterConnection$InThread.run(MSTCPRequesterConnection.java:410)
Transfer Complete. Took 1490ms
#8 Starting Transfer of me.jpg. Started at 1494600050247
Transfer Complete. Took 1479ms
#9 Starting Transfer of me.jpg. Started at 1494600052214
Transfer Complete. Took 1533ms
../evaluation/data/batch/s2_p1_c2_b256_p0.02/
rm: cannot remove ‘../evaluation/data/batch/s2_p1_c2_b256_p0.02/’: No such file or directory
#0 Starting Transfer of me.jpg. Started at 1494600054242
Transfer Complete. Took 1529ms
#1 Starting Transfer of me.jpg. Started at 1494600056254
Transfer Complete. Took 1548ms
#2 Starting Transfer of me.jpg. Started at 1494600058299
Transfer Complete. Took 1537ms
#3 Starting Transfer of me.jpg. Started at 1494600060343
Transfer Complete. Took 1592ms
#4 Starting Transfer of me.jpg. Started at 1494600062435
Transfer Complete. Took 1491ms
#5 Starting Transfer of me.jpg. Started at 1494600064418
Transfer Complete. Took 1582ms
#6 Starting Transfer of me.jpg. Started at 1494600066494
Transfer Complete. Took 1533ms
#7 Starting Transfer of me.jpg. Started at 1494600068519
Transfer Complete. Took 1631ms
#8 Starting Transfer of me.jpg. Started at 1494600070668
Transfer Complete. Took 1586ms
#9 Starting Transfer of me.jpg. Started at 1494600072751
Transfer Complete. Took 1640ms
../evaluation/data/batch/s2_p1_c2_b256_p0.03/
rm: cannot remove ‘../evaluation/data/batch/s2_p1_c2_b256_p0.03/’: No such file or directory
#0 Starting Transfer of me.jpg. Started at 1494600074882
Transfer Complete. Took 1497ms
#1 Starting Transfer of me.jpg. Started at 1494600076882
Transfer Complete. Took 1667ms
#2 Starting Transfer of me.jpg. Started at 1494600079046
Transfer Complete. Took 1875ms
#3 Starting Transfer of me.jpg. Started at 1494600081409
Transfer Complete. Took 1645ms
#4 Starting Transfer of me.jpg. Started at 1494600083547
Transfer Complete. Took 1610ms
#5 Starting Transfer of me.jpg. Started at 1494600085653
Transfer Complete. Took 1573ms
#6 Starting Transfer of me.jpg. Started at 1494600087718
Transfer Complete. Took 1648ms
#7 Starting Transfer of me.jpg. Started at 1494600089857
Transfer Complete. Took 1753ms
#8 Starting Transfer of me.jpg. Started at 1494600092090
Transfer Complete. Took 1608ms
#9 Starting Transfer of me.jpg. Started at 1494600094188
Transfer Complete. Took 1692ms
../evaluation/data/batch/s2_p1_c2_b256_p0.04/
rm: cannot remove ‘../evaluation/data/batch/s2_p1_c2_b256_p0.04/’: No such file or directory
#0 Starting Transfer of me.jpg. Started at 1494600096393
Transfer Complete. Took 1557ms
#1 Starting Transfer of me.jpg. Started at 1494600098436
Transfer Complete. Took 1740ms
#2 Starting Transfer of me.jpg. Started at 1494600100669
Transfer Complete. Took 1849ms
#3 Starting Transfer of me.jpg. Started at 1494600103014
Transfer Complete. Took 1545ms
#4 Starting Transfer of me.jpg. Started at 1494600105045
Transfer Complete. Took 1572ms
#5 Starting Transfer of me.jpg. Started at 1494600107125
Transfer Complete. Took 1760ms
#6 Starting Transfer of me.jpg. Started at 1494600109381
Transfer Complete. Took 1672ms
#7 Starting Transfer of me.jpg. Started at 1494600111541
Transfer Complete. Took 1752ms
#8 Starting Transfer of me.jpg. Started at 1494600113791
Transfer Complete. Took 1492ms
#9 Starting Transfer of me.jpg. Started at 1494600115796
Transfer Complete. Took 1672ms
../evaluation/data/batch/s2_p1_c2_b256_p0.05/
rm: cannot remove ‘../evaluation/data/batch/s2_p1_c2_b256_p0.05/’: No such file or directory
#0 Starting Transfer of me.jpg. Started at 1494600117969
Transfer Complete. Took 1616ms
#1 Starting Transfer of me.jpg. Started at 1494600120076
Transfer Complete. Took 1574ms
#2 Starting Transfer of me.jpg. Started at 1494600122150
Transfer Complete. Took 1565ms
#3 Starting Transfer of me.jpg. Started at 1494600124208
Transfer Complete. Took 1855ms
#4 Starting Transfer of me.jpg. Started at 1494600126552
Transfer Complete. Took 1742ms
#5 Starting Transfer of me.jpg. Started at 1494600128790
Transfer Complete. Took 1848ms
#6 Starting Transfer of me.jpg. Started at 1494600131134
Transfer Complete. Took 2029ms
#7 Starting Transfer of me.jpg. Started at 1494600133654
Transfer Complete. Took 1673ms
#8 Starting Transfer of me.jpg. Started at 1494600135818
Transfer Complete. Took 1716ms
#9 Starting Transfer of me.jpg. Started at 1494600138071
Transfer Complete. Took 1691ms
We Done Here.
