../evaluation/data/timing/s1_p1_c1_b1_p0.04/
#0 Starting Transfer of me.jpg. Started at 1494599617821
Transfer Complete. Took 1200ms
#1 Starting Transfer of me.jpg. Started at 1494599619504
Transfer Complete. Took 1295ms
#2 Starting Transfer of me.jpg. Started at 1494599621275
Transfer Complete. Took 1352ms
#3 Starting Transfer of me.jpg. Started at 1494599623111
Transfer Complete. Took 1375ms
#4 Starting Transfer of me.jpg. Started at 1494599624975
Transfer Complete. Took 1257ms
#5 Starting Transfer of me.jpg. Started at 1494599626723
Transfer Complete. Took 1319ms
#6 Starting Transfer of me.jpg. Started at 1494599628524
Transfer Complete. Took 1357ms
#7 Starting Transfer of me.jpg. Started at 1494599630383
Transfer Complete. Took 1381ms
#8 Starting Transfer of me.jpg. Started at 1494599632243
Transfer Complete. Took 1388ms
#9 Starting Transfer of me.jpg. Started at 1494599634111
Transfer Complete. Took 1305ms
../evaluation/data/timing/s1_p1_c1_b16_p0.04/
#0 Starting Transfer of me.jpg. Started at 1494599635913
Transfer Complete. Took 946ms
#1 Starting Transfer of me.jpg. Started at 1494599637339
Transfer Complete. Took 1001ms
#2 Starting Transfer of me.jpg. Started at 1494599638819
goBackN: p_drop 0.010295 cwnd 2
Transfer Complete. Took 6179ms
#3 Starting Transfer of me.jpg. Started at 1494599645478
Transfer Complete. Took 898ms
#4 Starting Transfer of me.jpg. Started at 1494599646847
Transfer Complete. Took 1021ms
#5 Starting Transfer of me.jpg. Started at 1494599648342
Transfer Complete. Took 918ms
#6 Starting Transfer of me.jpg. Started at 1494599649738
Transfer Complete. Took 1014ms
#7 Starting Transfer of me.jpg. Started at 1494599651230
Transfer Complete. Took 1011ms
#8 Starting Transfer of me.jpg. Started at 1494599652735
Transfer Complete. Took 1165ms
#9 Starting Transfer of me.jpg. Started at 1494599654385
Transfer Complete. Took 1085ms
../evaluation/data/timing/s1_p1_c1_b64_p0.04/
#0 Starting Transfer of me.jpg. Started at 1494599655976
Transfer Complete. Took 1128ms
#1 Starting Transfer of me.jpg. Started at 1494599657607
Transfer Complete. Took 1346ms
#2 Starting Transfer of me.jpg. Started at 1494599659441
Transfer Complete. Took 1184ms
#3 Starting Transfer of me.jpg. Started at 1494599661106
Transfer Complete. Took 1215ms
#4 Starting Transfer of me.jpg. Started at 1494599662816
Transfer Complete. Took 1480ms
#5 Starting Transfer of me.jpg. Started at 1494599664789
Transfer Complete. Took 1207ms
#6 Starting Transfer of me.jpg. Started at 1494599666472
Transfer Complete. Took 1347ms
#7 Starting Transfer of me.jpg. Started at 1494599668293
Transfer Complete. Took 1080ms
#8 Starting Transfer of me.jpg. Started at 1494599669850
Transfer Complete. Took 1208ms
#9 Starting Transfer of me.jpg. Started at 1494599671529
Transfer Complete. Took 1578ms
../evaluation/data/timing/s1_p2_c2_b1_p0.04/
#0 Starting Transfer of me.jpg. Started at 1494599673597
Transfer Complete. Took 1363ms
#1 Starting Transfer of me.jpg. Started at 1494599675449
Transfer Complete. Took 1162ms
#2 Starting Transfer of me.jpg. Started at 1494599677098
Transfer Complete. Took 1448ms
#3 Starting Transfer of me.jpg. Started at 1494599679043
Transfer Complete. Took 1283ms
#4 Starting Transfer of me.jpg. Started at 1494599680820
Transfer Complete. Took 1478ms
#5 Starting Transfer of me.jpg. Started at 1494599682789
Transfer Complete. Took 1167ms
#6 Starting Transfer of me.jpg. Started at 1494599684444
Transfer Complete. Took 1300ms
#7 Starting Transfer of me.jpg. Started at 1494599686244
Transfer Complete. Took 1421ms
#8 Starting Transfer of me.jpg. Started at 1494599688152
Transfer Complete. Took 1467ms
#9 Starting Transfer of me.jpg. Started at 1494599690104
Transfer Complete. Took 1427ms
../evaluation/data/timing/s1_p2_c2_b16_p0.04/
rm: cannot remove ‘../evaluation/data/timing/s1_p2_c2_b16_p0.04/’: No such file or directory
#0 Starting Transfer of me.jpg. Started at 1494599692027
Exception in thread "Thread-30" java.lang.IllegalStateException: Timer already cancelled.
	at java.util.Timer.sched(Timer.java:397)
	at java.util.Timer.schedule(Timer.java:193)
	at MSTCP.vegas.more.MSTCPRequesterConnection.setTimer(MSTCPRequesterConnection.java:96)
	at MSTCP.vegas.more.MSTCPRequesterConnection.access$700(MSTCPRequesterConnection.java:19)
	at MSTCP.vegas.more.MSTCPRequesterConnection$InThread.run(MSTCPRequesterConnection.java:410)
Transfer Complete. Took 1434ms
#1 Starting Transfer of me.jpg. Started at 1494599693948
Transfer Complete. Took 968ms
#2 Starting Transfer of me.jpg. Started at 1494599695390
Transfer Complete. Took 1502ms
#3 Starting Transfer of me.jpg. Started at 1494599697387
Transfer Complete. Took 907ms
#4 Starting Transfer of me.jpg. Started at 1494599698791
Transfer Complete. Took 959ms
#5 Starting Transfer of me.jpg. Started at 1494599700225
Transfer Complete. Took 1301ms
#6 Starting Transfer of me.jpg. Started at 1494599702013
Exception in thread "Thread-22" java.lang.IllegalStateException: Timer already cancelled.
	at java.util.Timer.sched(Timer.java:397)
	at java.util.Timer.schedule(Timer.java:193)
	at MSTCP.vegas.more.MSTCPRequesterConnection.setTimer(MSTCPRequesterConnection.java:96)
	at MSTCP.vegas.more.MSTCPRequesterConnection.access$700(MSTCPRequesterConnection.java:19)
	at MSTCP.vegas.more.MSTCPRequesterConnection$InThread.run(MSTCPRequesterConnection.java:410)
Transfer Complete. Took 968ms
#7 Starting Transfer of me.jpg. Started at 1494599703464
Transfer Complete. Took 1117ms
#8 Starting Transfer of me.jpg. Started at 1494599705074
Transfer Complete. Took 920ms
#9 Starting Transfer of me.jpg. Started at 1494599706493
Transfer Complete. Took 1008ms
../evaluation/data/timing/s1_p2_c2_b64_p0.04/
rm: cannot remove ‘../evaluation/data/timing/s1_p2_c2_b64_p0.04/’: No such file or directory
#0 Starting Transfer of me.jpg. Started at 1494599708003
Transfer Complete. Took 954ms
#1 Starting Transfer of me.jpg. Started at 1494599709431
Transfer Complete. Took 1066ms
#2 Starting Transfer of me.jpg. Started at 1494599710964
Transfer Complete. Took 1092ms
#3 Starting Transfer of me.jpg. Started at 1494599712532
Transfer Complete. Took 1203ms
#4 Starting Transfer of me.jpg. Started at 1494599714242
Transfer Complete. Took 1067ms
#5 Starting Transfer of me.jpg. Started at 1494599715804
Transfer Complete. Took 1688ms
#6 Starting Transfer of me.jpg. Started at 1494599717979
Transfer Complete. Took 1052ms
#7 Starting Transfer of me.jpg. Started at 1494599719511
Transfer Complete. Took 1132ms
#8 Starting Transfer of me.jpg. Started at 1494599721122
Transfer Complete. Took 1140ms
#9 Starting Transfer of me.jpg. Started at 1494599722751
Transfer Complete. Took 1018ms
../evaluation/data/timing/s2_p1_c2_b1_p0.04/
rm: cannot remove ‘../evaluation/data/timing/s2_p1_c2_b1_p0.04/’: No such file or directory
#0 Starting Transfer of me.jpg. Started at 1494599724262
Exception in thread "Thread-25" java.lang.IllegalStateException: Timer already cancelled.
	at java.util.Timer.sched(Timer.java:397)
	at java.util.Timer.schedule(Timer.java:193)
	at MSTCP.vegas.more.MSTCPRequesterConnection.setTimer(MSTCPRequesterConnection.java:96)
	at MSTCP.vegas.more.MSTCPRequesterConnection.access$700(MSTCPRequesterConnection.java:19)
	at MSTCP.vegas.more.MSTCPRequesterConnection$InThread.run(MSTCPRequesterConnection.java:410)
Transfer Complete. Took 2098ms
#1 Starting Transfer of me.jpg. Started at 1494599726869
Transfer Complete. Took 2120ms
#2 Starting Transfer of me.jpg. Started at 1494599729482
Transfer Complete. Took 2209ms
#3 Starting Transfer of me.jpg. Started at 1494599732187
Transfer Complete. Took 2134ms
#4 Starting Transfer of me.jpg. Started at 1494599734814
Transfer Complete. Took 1916ms
#5 Starting Transfer of me.jpg. Started at 1494599737227
Transfer Complete. Took 2009ms
#6 Starting Transfer of me.jpg. Started at 1494599739731
Transfer Complete. Took 2233ms
#7 Starting Transfer of me.jpg. Started at 1494599742451
Transfer Complete. Took 2046ms
#8 Starting Transfer of me.jpg. Started at 1494599744985
Transfer Complete. Took 2057ms
#9 Starting Transfer of me.jpg. Started at 1494599747529
Transfer Complete. Took 2269ms
../evaluation/data/timing/s2_p1_c2_b16_p0.04/
rm: cannot remove ‘../evaluation/data/timing/s2_p1_c2_b16_p0.04/’: No such file or directory
#0 Starting Transfer of me.jpg. Started at 1494599750298
Transfer Complete. Took 1835ms
#1 Starting Transfer of me.jpg. Started at 1494599752637
Transfer Complete. Took 1899ms
#2 Starting Transfer of me.jpg. Started at 1494599755030
Transfer Complete. Took 1762ms
#3 Starting Transfer of me.jpg. Started at 1494599757282
Transfer Complete. Took 1853ms
#4 Starting Transfer of me.jpg. Started at 1494599759624
Exception in thread "Thread-25" java.lang.IllegalStateException: Timer already cancelled.
	at java.util.Timer.sched(Timer.java:397)
	at java.util.Timer.schedule(Timer.java:193)
	at MSTCP.vegas.more.MSTCPRequesterConnection.setTimer(MSTCPRequesterConnection.java:96)
	at MSTCP.vegas.more.MSTCPRequesterConnection.access$700(MSTCPRequesterConnection.java:19)
	at MSTCP.vegas.more.MSTCPRequesterConnection$InThread.run(MSTCPRequesterConnection.java:410)
Transfer Complete. Took 1816ms
#5 Starting Transfer of me.jpg. Started at 1494599761943
Transfer Complete. Took 1711ms
#6 Starting Transfer of me.jpg. Started at 1494599764150
Transfer Complete. Took 1949ms
#7 Starting Transfer of me.jpg. Started at 1494599766595
Transfer Complete. Took 1773ms
#8 Starting Transfer of me.jpg. Started at 1494599768869
Transfer Complete. Took 1901ms
#9 Starting Transfer of me.jpg. Started at 1494599771251
Transfer Complete. Took 1843ms
../evaluation/data/timing/s2_p1_c2_b64_p0.04/
rm: cannot remove ‘../evaluation/data/timing/s2_p1_c2_b64_p0.04/’: No such file or directory
#0 Starting Transfer of me.jpg. Started at 1494599773598
Transfer Complete. Took 1859ms
#1 Starting Transfer of me.jpg. Started at 1494599775953
Transfer Complete. Took 1919ms
#2 Starting Transfer of me.jpg. Started at 1494599778359
Transfer Complete. Took 2393ms
#3 Starting Transfer of me.jpg. Started at 1494599781245
Transfer Complete. Took 2198ms
#4 Starting Transfer of me.jpg. Started at 1494599783938
#5 Starting Transfer of me.jpg. Started at 1494600654579
Transfer Complete. Took 1954ms
#6 Starting Transfer of me.jpg. Started at 1494600657026
Transfer Complete. Took 2221ms
#7 Starting Transfer of me.jpg. Started at 1494600659745
Transfer Complete. Took 2083ms
#8 Starting Transfer of me.jpg. Started at 1494600662347
Transfer Complete. Took 2224ms
#9 Starting Transfer of me.jpg. Started at 1494600665087
Transfer Complete. Took 2295ms
../evaluation/data/timing/s2_p2_c4_b1_p0.04/
rm: cannot remove ‘../evaluation/data/timing/s2_p2_c4_b1_p0.04/’: No such file or directory
#0 Starting Transfer of me.jpg. Started at 1494600667898
Transfer Complete. Took 1549ms
#1 Starting Transfer of me.jpg. Started at 1494600669958
Transfer Complete. Took 1901ms
#2 Starting Transfer of me.jpg. Started at 1494600672366
Transfer Complete. Took 1503ms
#3 Starting Transfer of me.jpg. Started at 1494600674428
Transfer Complete. Took 1988ms
#4 Starting Transfer of me.jpg. Started at 1494600676932
Transfer Complete. Took 1208ms
#5 Starting Transfer of me.jpg. Started at 1494600678667
Transfer Complete. Took 1219ms
#6 Starting Transfer of me.jpg. Started at 1494600680389
Transfer Complete. Took 1543ms
#7 Starting Transfer of me.jpg. Started at 1494600682436
Transfer Complete. Took 1522ms
#8 Starting Transfer of me.jpg. Started at 1494600684466
Transfer Complete. Took 1830ms
#9 Starting Transfer of me.jpg. Started at 1494600686834
Transfer Complete. Took 1360ms
../evaluation/data/timing/s2_p2_c4_b16_p0.04/
rm: cannot remove ‘../evaluation/data/timing/s2_p2_c4_b16_p0.04/’: No such file or directory
#0 Starting Transfer of me.jpg. Started at 1494600688734
Transfer Complete. Took 1014ms
#1 Starting Transfer of me.jpg. Started at 1494600690350
Transfer Complete. Took 1101ms
#2 Starting Transfer of me.jpg. Started at 1494600691986
Transfer Complete. Took 990ms
#3 Starting Transfer of me.jpg. Started at 1494600693473
Transfer Complete. Took 1057ms
#4 Starting Transfer of me.jpg. Started at 1494600695067
Transfer Complete. Took 1126ms
#5 Starting Transfer of me.jpg. Started at 1494600696741
Transfer Complete. Took 983ms
#6 Starting Transfer of me.jpg. Started at 1494600698233
Transfer Complete. Took 1102ms
#7 Starting Transfer of me.jpg. Started at 1494600699851
Transfer Complete. Took 1413ms
#8 Starting Transfer of me.jpg. Started at 1494600701771
Transfer Complete. Took 1119ms
#9 Starting Transfer of me.jpg. Started at 1494600703428
Transfer Complete. Took 1014ms
../evaluation/data/timing/s2_p2_c4_b64_p0.04/
rm: cannot remove ‘../evaluation/data/timing/s2_p2_c4_b64_p0.04/’: No such file or directory
#0 Starting Transfer of me.jpg. Started at 1494600704960
Transfer Complete. Took 1133ms
#1 Starting Transfer of me.jpg. Started at 1494600706609
Transfer Complete. Took 1158ms
#2 Starting Transfer of me.jpg. Started at 1494600708299
Transfer Complete. Took 1254ms
#3 Starting Transfer of me.jpg. Started at 1494600710073
Transfer Complete. Took 1244ms
#4 Starting Transfer of me.jpg. Started at 1494600711825
Transfer Complete. Took 1074ms
#5 Starting Transfer of me.jpg. Started at 1494600713420
Transfer Complete. Took 1215ms
#6 Starting Transfer of me.jpg. Started at 1494600715155
Transfer Complete. Took 1108ms
#7 Starting Transfer of me.jpg. Started at 1494600716774
Transfer Complete. Took 1105ms
#8 Starting Transfer of me.jpg. Started at 1494600718389
Transfer Complete. Took 1255ms
#9 Starting Transfer of me.jpg. Started at 1494600720159
Transfer Complete. Took 1091ms
We Done Here.
