../evaluation/data/timing/s1_p1_c1_b1_p0.02/
rm: cannot remove ‘../evaluation/data/timing/s1_p1_c1_b1_p0.02/’: No such file or directory
#0 Starting Transfer of me.jpg. Started at 1494591751277
Transfer Complete. Took 1181ms
#1 Starting Transfer of me.jpg. Started at 1494591752937
Transfer Complete. Took 1252ms
#2 Starting Transfer of me.jpg. Started at 1494591754669
Transfer Complete. Took 1386ms
#3 Starting Transfer of me.jpg. Started at 1494591756549
Transfer Complete. Took 1177ms
#4 Starting Transfer of me.jpg. Started at 1494591758200
Transfer Complete. Took 1301ms
#5 Starting Transfer of me.jpg. Started at 1494591759982
Transfer Complete. Took 1814ms
#6 Starting Transfer of me.jpg. Started at 1494591762280
Transfer Complete. Took 1270ms
#7 Starting Transfer of me.jpg. Started at 1494591764040
Transfer Complete. Took 1235ms
#8 Starting Transfer of me.jpg. Started at 1494591765748
Transfer Complete. Took 1252ms
#9 Starting Transfer of me.jpg. Started at 1494591767495
Transfer Complete. Took 1253ms
../evaluation/data/timing/s1_p1_c1_b16_p0.02/
rm: cannot remove ‘../evaluation/data/timing/s1_p1_c1_b16_p0.02/’: No such file or directory
#0 Starting Transfer of me.jpg. Started at 1494591769242
Transfer Complete. Took 835ms
#1 Starting Transfer of me.jpg. Started at 1494591770549
Exception in thread "Thread-16" java.lang.IllegalStateException: Timer already cancelled.
	at java.util.Timer.sched(Timer.java:397)
	at java.util.Timer.schedule(Timer.java:193)
	at MSTCP.vegas.more.MSTCPRequesterConnection.setTimer(MSTCPRequesterConnection.java:96)
	at MSTCP.vegas.more.MSTCPRequesterConnection.access$700(MSTCPRequesterConnection.java:19)
	at MSTCP.vegas.more.MSTCPRequesterConnection$InThread.run(MSTCPRequesterConnection.java:410)
Transfer Complete. Took 944ms
#2 Starting Transfer of me.jpg. Started at 1494591771975
Transfer Complete. Took 934ms
#3 Starting Transfer of me.jpg. Started at 1494591773389
Transfer Complete. Took 1099ms
#4 Starting Transfer of me.jpg. Started at 1494591774985
Transfer Complete. Took 991ms
#5 Starting Transfer of me.jpg. Started at 1494591776438
Transfer Complete. Took 995ms
#6 Starting Transfer of me.jpg. Started at 1494591777902
Transfer Complete. Took 990ms
#7 Starting Transfer of me.jpg. Started at 1494591779376
Transfer Complete. Took 947ms
#8 Starting Transfer of me.jpg. Started at 1494591780806
Transfer Complete. Took 992ms
#9 Starting Transfer of me.jpg. Started at 1494591782276
Transfer Complete. Took 852ms
../evaluation/data/timing/s1_p1_c1_b64_p0.02/
rm: cannot remove ‘../evaluation/data/timing/s1_p1_c1_b64_p0.02/’: No such file or directory
#0 Starting Transfer of me.jpg. Started at 1494591783630
Transfer Complete. Took 1002ms
#1 Starting Transfer of me.jpg. Started at 1494591785109
Transfer Complete. Took 985ms
#2 Starting Transfer of me.jpg. Started at 1494591786561
Transfer Complete. Took 1093ms
#3 Starting Transfer of me.jpg. Started at 1494591788134
Transfer Complete. Took 1228ms
#4 Starting Transfer of me.jpg. Started at 1494591789845
Transfer Complete. Took 983ms
#5 Starting Transfer of me.jpg. Started at 1494591791305
Transfer Complete. Took 956ms
#6 Starting Transfer of me.jpg. Started at 1494591792738
Transfer Complete. Took 898ms
#7 Starting Transfer of me.jpg. Started at 1494591794108
Transfer Complete. Took 909ms
#8 Starting Transfer of me.jpg. Started at 1494591795495
Transfer Complete. Took 1033ms
#9 Starting Transfer of me.jpg. Started at 1494591797002
Transfer Complete. Took 1233ms
../evaluation/data/timing/s1_p2_c2_b1_p0.02/
rm: cannot remove ‘../evaluation/data/timing/s1_p2_c2_b1_p0.02/’: No such file or directory
#0 Starting Transfer of me.jpg. Started at 1494591798733
Transfer Complete. Took 1321ms
#1 Starting Transfer of me.jpg. Started at 1494591800534
Transfer Complete. Took 1085ms
#2 Starting Transfer of me.jpg. Started at 1494591802104
Transfer Complete. Took 1176ms
#3 Starting Transfer of me.jpg. Started at 1494591803763
Transfer Complete. Took 1153ms
#4 Starting Transfer of me.jpg. Started at 1494591805403
Transfer Complete. Took 1548ms
#5 Starting Transfer of me.jpg. Started at 1494591807433
Transfer Complete. Took 1254ms
#6 Starting Transfer of me.jpg. Started at 1494591809174
Exception in thread "Thread-30" java.lang.IllegalStateException: Timer already cancelled.
	at java.util.Timer.sched(Timer.java:397)
	at java.util.Timer.schedule(Timer.java:193)
	at MSTCP.vegas.more.MSTCPRequesterConnection.setTimer(MSTCPRequesterConnection.java:96)
	at MSTCP.vegas.more.MSTCPRequesterConnection.access$700(MSTCPRequesterConnection.java:19)
	at MSTCP.vegas.more.MSTCPRequesterConnection$InThread.run(MSTCPRequesterConnection.java:410)
Transfer Complete. Took 1484ms
#7 Starting Transfer of me.jpg. Started at 1494591811148
Transfer Complete. Took 1117ms
#8 Starting Transfer of me.jpg. Started at 1494591812753
Transfer Complete. Took 1119ms
#9 Starting Transfer of me.jpg. Started at 1494591814362
Transfer Complete. Took 1410ms
../evaluation/data/timing/s1_p2_c2_b16_p0.02/
rm: cannot remove ‘../evaluation/data/timing/s1_p2_c2_b16_p0.02/’: No such file or directory
#0 Starting Transfer of me.jpg. Started at 1494591816259
Transfer Complete. Took 850ms
#1 Starting Transfer of me.jpg. Started at 1494591817593
Transfer Complete. Took 849ms
#2 Starting Transfer of me.jpg. Started at 1494591818929
Transfer Complete. Took 844ms
#3 Starting Transfer of me.jpg. Started at 1494591820252
Transfer Complete. Took 890ms
#4 Starting Transfer of me.jpg. Started at 1494591821630
Transfer Complete. Took 1019ms
#5 Starting Transfer of me.jpg. Started at 1494591823126
Transfer Complete. Took 909ms
#6 Starting Transfer of me.jpg. Started at 1494591824522
Transfer Complete. Took 982ms
#7 Starting Transfer of me.jpg. Started at 1494591826007
Transfer Complete. Took 970ms
#8 Starting Transfer of me.jpg. Started at 1494591827464
Transfer Complete. Took 974ms
#9 Starting Transfer of me.jpg. Started at 1494591828918
Transfer Complete. Took 890ms
../evaluation/data/timing/s1_p2_c2_b64_p0.02/
rm: cannot remove ‘../evaluation/data/timing/s1_p2_c2_b64_p0.02/’: No such file or directory
#0 Starting Transfer of me.jpg. Started at 1494591830300
Transfer Complete. Took 1047ms
#1 Starting Transfer of me.jpg. Started at 1494591831834
Transfer Complete. Took 945ms
#2 Starting Transfer of me.jpg. Started at 1494591833258
Transfer Complete. Took 1060ms
#3 Starting Transfer of me.jpg. Started at 1494591834801
Transfer Complete. Took 947ms
#4 Starting Transfer of me.jpg. Started at 1494591836237
Transfer Complete. Took 1089ms
#5 Starting Transfer of me.jpg. Started at 1494591837825
Transfer Complete. Took 956ms
#6 Starting Transfer of me.jpg. Started at 1494591839273
Exception in thread "Thread-22" java.lang.IllegalStateException: Timer already cancelled.
	at java.util.Timer.sched(Timer.java:397)
	at java.util.Timer.schedule(Timer.java:193)
	at MSTCP.vegas.more.MSTCPRequesterConnection.setTimer(MSTCPRequesterConnection.java:96)
	at MSTCP.vegas.more.MSTCPRequesterConnection.access$700(MSTCPRequesterConnection.java:19)
	at MSTCP.vegas.more.MSTCPRequesterConnection$InThread.run(MSTCPRequesterConnection.java:410)
Transfer Complete. Took 1056ms
#7 Starting Transfer of me.jpg. Started at 1494591840817
Transfer Complete. Took 1065ms
#8 Starting Transfer of me.jpg. Started at 1494591842371
Transfer Complete. Took 964ms
#9 Starting Transfer of me.jpg. Started at 1494591843831
Transfer Complete. Took 1015ms
../evaluation/data/timing/s2_p1_c2_b1_p0.02/
rm: cannot remove ‘../evaluation/data/timing/s2_p1_c2_b1_p0.02/’: No such file or directory
#0 Starting Transfer of me.jpg. Started at 1494591845356
Transfer Complete. Took 2456ms
#1 Starting Transfer of me.jpg. Started at 1494591848314
Transfer Complete. Took 2117ms
#2 Starting Transfer of me.jpg. Started at 1494591850922
Transfer Complete. Took 2151ms
#3 Starting Transfer of me.jpg. Started at 1494591853568
Transfer Complete. Took 2068ms
#4 Starting Transfer of me.jpg. Started at 1494591856126
Transfer Complete. Took 2173ms
#5 Starting Transfer of me.jpg. Started at 1494591858797
Transfer Complete. Took 2228ms
#6 Starting Transfer of me.jpg. Started at 1494591861513
Transfer Complete. Took 1964ms
#7 Starting Transfer of me.jpg. Started at 1494591863969
Transfer Complete. Took 2005ms
#8 Starting Transfer of me.jpg. Started at 1494591866467
Transfer Complete. Took 2195ms
#9 Starting Transfer of me.jpg. Started at 1494591869222
Transfer Complete. Took 2164ms
../evaluation/data/timing/s2_p1_c2_b16_p0.02/
rm: cannot remove ‘../evaluation/data/timing/s2_p1_c2_b16_p0.02/’: No such file or directory
#0 Starting Transfer of me.jpg. Started at 1494591871898
Transfer Complete. Took 1911ms
#1 Starting Transfer of me.jpg. Started at 1494591874301
Transfer Complete. Took 1650ms
#2 Starting Transfer of me.jpg. Started at 1494591876445
Transfer Complete. Took 1723ms
#3 Starting Transfer of me.jpg. Started at 1494591878666
Transfer Complete. Took 1761ms
#4 Starting Transfer of me.jpg. Started at 1494591880912
Transfer Complete. Took 1664ms
#5 Starting Transfer of me.jpg. Started at 1494591883061
Transfer Complete. Took 1678ms
#6 Starting Transfer of me.jpg. Started at 1494591885244
Transfer Complete. Took 1673ms
#7 Starting Transfer of me.jpg. Started at 1494591887413
Transfer Complete. Took 1762ms
#8 Starting Transfer of me.jpg. Started at 1494591889675
Transfer Complete. Took 1628ms
#9 Starting Transfer of me.jpg. Started at 1494591891814
Transfer Complete. Took 1958ms
../evaluation/data/timing/s2_p1_c2_b64_p0.02/
rm: cannot remove ‘../evaluation/data/timing/s2_p1_c2_b64_p0.02/’: No such file or directory
#0 Starting Transfer of me.jpg. Started at 1494591894306
Transfer Complete. Took 1923ms
#1 Starting Transfer of me.jpg. Started at 1494591896726
Transfer Complete. Took 1869ms
#2 Starting Transfer of me.jpg. Started at 1494591899094
Transfer Complete. Took 1811ms
#3 Starting Transfer of me.jpg. Started at 1494591901394
Transfer Complete. Took 1858ms
#4 Starting Transfer of me.jpg. Started at 1494591903747
Transfer Complete. Took 1828ms
#5 Starting Transfer of me.jpg. Started at 1494591906074
Transfer Complete. Took 1879ms
#6 Starting Transfer of me.jpg. Started at 1494591908440
Transfer Complete. Took 1953ms
#7 Starting Transfer of me.jpg. Started at 1494591910887
Exception in thread "Thread-25" java.lang.IllegalStateException: Timer already cancelled.
	at java.util.Timer.sched(Timer.java:397)
	at java.util.Timer.schedule(Timer.java:193)
	at MSTCP.vegas.more.MSTCPRequesterConnection.setTimer(MSTCPRequesterConnection.java:96)
	at MSTCP.vegas.more.MSTCPRequesterConnection.access$700(MSTCPRequesterConnection.java:19)
	at MSTCP.vegas.more.MSTCPRequesterConnection$InThread.run(MSTCPRequesterConnection.java:410)
Transfer Complete. Took 2188ms
#8 Starting Transfer of me.jpg. Started at 1494591913569
Transfer Complete. Took 1758ms
#9 Starting Transfer of me.jpg. Started at 1494591915818
Transfer Complete. Took 1756ms
../evaluation/data/timing/s2_p2_c4_b1_p0.02/
rm: cannot remove ‘../evaluation/data/timing/s2_p2_c4_b1_p0.02/’: No such file or directory
#0 Starting Transfer of me.jpg. Started at 1494591918120
Transfer Complete. Took 1847ms
#1 Starting Transfer of me.jpg. Started at 1494591920462
Transfer Complete. Took 1812ms
#2 Starting Transfer of me.jpg. Started at 1494591922796
Transfer Complete. Took 1967ms
#3 Starting Transfer of me.jpg. Started at 1494591925273
Transfer Complete. Took 1875ms
#4 Starting Transfer of me.jpg. Started at 1494591927660
Transfer Complete. Took 1838ms
#5 Starting Transfer of me.jpg. Started at 1494591930002
