../evaluation/data/timing/s1_p1_c1_b1_p0.00/
#0 Starting Transfer of me.jpg. Started at 1494592125369
Transfer Complete. Took 1116ms
#1 Starting Transfer of me.jpg. Started at 1494592126979
Transfer Complete. Took 1129ms
#2 Starting Transfer of me.jpg. Started at 1494592128586
Transfer Complete. Took 1192ms
#3 Starting Transfer of me.jpg. Started at 1494592130263
Transfer Complete. Took 1071ms
#4 Starting Transfer of me.jpg. Started at 1494592131814
Transfer Complete. Took 1085ms
#5 Starting Transfer of me.jpg. Started at 1494592133374
Transfer Complete. Took 1049ms
#6 Starting Transfer of me.jpg. Started at 1494592134901
Transfer Complete. Took 1117ms
#7 Starting Transfer of me.jpg. Started at 1494592136498
Transfer Complete. Took 1111ms
#8 Starting Transfer of me.jpg. Started at 1494592138090
Transfer Complete. Took 1160ms
#9 Starting Transfer of me.jpg. Started at 1494592139738
Transfer Complete. Took 1224ms
../evaluation/data/timing/s1_p1_c1_b16_p0.00/
#0 Starting Transfer of me.jpg. Started at 1494592141459
Transfer Complete. Took 913ms
#1 Starting Transfer of me.jpg. Started at 1494592142852
Transfer Complete. Took 873ms
#2 Starting Transfer of me.jpg. Started at 1494592144193
Transfer Complete. Took 869ms
#3 Starting Transfer of me.jpg. Started at 1494592145538
Transfer Complete. Took 843ms
#4 Starting Transfer of me.jpg. Started at 1494592146856
Transfer Complete. Took 848ms
#5 Starting Transfer of me.jpg. Started at 1494592148177
Transfer Complete. Took 884ms
#6 Starting Transfer of me.jpg. Started at 1494592149541
Transfer Complete. Took 871ms
#7 Starting Transfer of me.jpg. Started at 1494592150882
Transfer Complete. Took 914ms
#8 Starting Transfer of me.jpg. Started at 1494592152273
Transfer Complete. Took 864ms
#9 Starting Transfer of me.jpg. Started at 1494592153618
Transfer Complete. Took 896ms
../evaluation/data/timing/s1_p1_c1_b64_p0.00/
#0 Starting Transfer of me.jpg. Started at 1494592155026
Transfer Complete. Took 950ms
#1 Starting Transfer of me.jpg. Started at 1494592156455
Transfer Complete. Took 937ms
#2 Starting Transfer of me.jpg. Started at 1494592157866
Transfer Complete. Took 912ms
#3 Starting Transfer of me.jpg. Started at 1494592159257
Transfer Complete. Took 924ms
#4 Starting Transfer of me.jpg. Started at 1494592160658
Transfer Complete. Took 937ms
#5 Starting Transfer of me.jpg. Started at 1494592162080
Transfer Complete. Took 948ms
#6 Starting Transfer of me.jpg. Started at 1494592163510
Transfer Complete. Took 924ms
#7 Starting Transfer of me.jpg. Started at 1494592164912
Transfer Complete. Took 1209ms
#8 Starting Transfer of me.jpg. Started at 1494592166600
Transfer Complete. Took 882ms
#9 Starting Transfer of me.jpg. Started at 1494592167960
Transfer Complete. Took 923ms
../evaluation/data/timing/s1_p2_c2_b1_p0.00/
#0 Starting Transfer of me.jpg. Started at 1494592169405
Transfer Complete. Took 1300ms
#1 Starting Transfer of me.jpg. Started at 1494592171188
Transfer Complete. Took 1336ms
#2 Starting Transfer of me.jpg. Started at 1494592173014
Transfer Complete. Took 1066ms
#3 Starting Transfer of me.jpg. Started at 1494592174573
Transfer Complete. Took 1342ms
#4 Starting Transfer of me.jpg. Started at 1494592176412
Transfer Complete. Took 1142ms
#5 Starting Transfer of me.jpg. Started at 1494592178043
Transfer Complete. Took 1230ms
#6 Starting Transfer of me.jpg. Started at 1494592179763
Transfer Complete. Took 1323ms
#7 Starting Transfer of me.jpg. Started at 1494592181571
Transfer Complete. Took 1289ms
#8 Starting Transfer of me.jpg. Started at 1494592183352
Exception in thread "Thread-22" java.lang.IllegalStateException: Timer already cancelled.
	at java.util.Timer.sched(Timer.java:397)
	at java.util.Timer.schedule(Timer.java:193)
	at MSTCP.vegas.more.MSTCPRequesterConnection.setTimer(MSTCPRequesterConnection.java:96)
	at MSTCP.vegas.more.MSTCPRequesterConnection.access$700(MSTCPRequesterConnection.java:19)
	at MSTCP.vegas.more.MSTCPRequesterConnection$InThread.run(MSTCPRequesterConnection.java:410)
Transfer Complete. Took 1341ms
#9 Starting Transfer of me.jpg. Started at 1494592185176
Transfer Complete. Took 1290ms
../evaluation/data/timing/s1_p2_c2_b16_p0.00/
#0 Starting Transfer of me.jpg. Started at 1494592187013
Transfer Complete. Took 943ms
#1 Starting Transfer of me.jpg. Started at 1494592188440
Exception in thread "Thread-22" java.lang.IllegalStateException: Timer already cancelled.
	at java.util.Timer.sched(Timer.java:397)
	at java.util.Timer.schedule(Timer.java:193)
	at MSTCP.vegas.more.MSTCPRequesterConnection.setTimer(MSTCPRequesterConnection.java:96)
	at MSTCP.vegas.more.MSTCPRequesterConnection.access$700(MSTCPRequesterConnection.java:19)
	at MSTCP.vegas.more.MSTCPRequesterConnection$InThread.run(MSTCPRequesterConnection.java:410)
Transfer Complete. Took 874ms
#2 Starting Transfer of me.jpg. Started at 1494592189799
java.lang.InterruptedException
	at java.util.concurrent.locks.AbstractQueuedSynchronizer.acquireInterruptibly(AbstractQueuedSynchronizer.java:1219)
	at java.util.concurrent.locks.ReentrantLock.lockInterruptibly(ReentrantLock.java:340)
	at java.util.concurrent.LinkedBlockingQueue.put(LinkedBlockingQueue.java:338)
	at MSTCP.vegas.more.MSTCPRequesterConnection$InThread.run(MSTCPRequesterConnection.java:509)
#3 Starting Transfer of me.jpg. Started at 1494592191109
Transfer Complete. Took 932ms
#4 Starting Transfer of me.jpg. Started at 1494592192524
Transfer Complete. Took 950ms
#5 Starting Transfer of me.jpg. Started at 1494592193977
Transfer Complete. Took 1027ms
#6 Starting Transfer of me.jpg. Started at 1494592195489
Transfer Complete. Took 975ms
#7 Starting Transfer of me.jpg. Started at 1494592196946
Transfer Complete. Took 936ms
#8 Starting Transfer of me.jpg. Started at 1494592198367
Transfer Complete. Took 971ms
#9 Starting Transfer of me.jpg. Started at 1494592199830
Transfer Complete. Took 977ms
../evaluation/data/timing/s1_p2_c2_b64_p0.00/
#0 Starting Transfer of me.jpg. Started at 1494592201300
Transfer Complete. Took 950ms
#1 Starting Transfer of me.jpg. Started at 1494592202730
Transfer Complete. Took 1053ms
#2 Starting Transfer of me.jpg. Started at 1494592204269
Transfer Complete. Took 1017ms
#3 Starting Transfer of me.jpg. Started at 1494592205779
Transfer Complete. Took 946ms
#4 Starting Transfer of me.jpg. Started at 1494592207206
Transfer Complete. Took 981ms
#5 Starting Transfer of me.jpg. Started at 1494592208666
Transfer Complete. Took 909ms
#6 Starting Transfer of me.jpg. Started at 1494592210068
Transfer Complete. Took 931ms
#7 Starting Transfer of me.jpg. Started at 1494592211486
Transfer Complete. Took 957ms
#8 Starting Transfer of me.jpg. Started at 1494592212967
Transfer Complete. Took 1053ms
#9 Starting Transfer of me.jpg. Started at 1494592214520
Transfer Complete. Took 933ms
../evaluation/data/timing/s2_p1_c2_b1_p0.00/
#0 Starting Transfer of me.jpg. Started at 1494592215971
Transfer Complete. Took 1975ms
#1 Starting Transfer of me.jpg. Started at 1494592218436
Transfer Complete. Took 1908ms
#2 Starting Transfer of me.jpg. Started at 1494592220844
Transfer Complete. Took 2001ms
#3 Starting Transfer of me.jpg. Started at 1494592223329
Transfer Complete. Took 1951ms
#4 Starting Transfer of me.jpg. Started at 1494592225780
Transfer Complete. Took 1906ms
#5 Starting Transfer of me.jpg. Started at 1494592228184
Transfer Complete. Took 1896ms
#6 Starting Transfer of me.jpg. Started at 1494592230568
Transfer Complete. Took 1877ms
#7 Starting Transfer of me.jpg. Started at 1494592232944
Exception in thread "Thread-25" java.lang.IllegalStateException: Timer already cancelled.
	at java.util.Timer.sched(Timer.java:397)
	at java.util.Timer.schedule(Timer.java:193)
	at MSTCP.vegas.more.MSTCPRequesterConnection.setTimer(MSTCPRequesterConnection.java:96)
	at MSTCP.vegas.more.MSTCPRequesterConnection.access$700(MSTCPRequesterConnection.java:19)
	at MSTCP.vegas.more.MSTCPRequesterConnection$InThread.run(MSTCPRequesterConnection.java:410)
Transfer Complete. Took 1998ms
#8 Starting Transfer of me.jpg. Started at 1494592235431
Transfer Complete. Took 1895ms
#9 Starting Transfer of me.jpg. Started at 1494592237814
Transfer Complete. Took 1904ms
../evaluation/data/timing/s2_p1_c2_b16_p0.00/
#0 Starting Transfer of me.jpg. Started at 1494592240227
Transfer Complete. Took 1659ms
#1 Starting Transfer of me.jpg. Started at 1494592242372
Transfer Complete. Took 1667ms
#2 Starting Transfer of me.jpg. Started at 1494592244522
Transfer Complete. Took 1666ms
#3 Starting Transfer of me.jpg. Started at 1494592246672
Transfer Complete. Took 1641ms
#4 Starting Transfer of me.jpg. Started at 1494592248812
Exception in thread "Thread-25" java.lang.IllegalStateException: Timer already cancelled.
	at java.util.Timer.sched(Timer.java:397)
	at java.util.Timer.schedule(Timer.java:193)
	at MSTCP.vegas.more.MSTCPRequesterConnection.setTimer(MSTCPRequesterConnection.java:96)
	at MSTCP.vegas.more.MSTCPRequesterConnection.access$700(MSTCPRequesterConnection.java:19)
	at MSTCP.vegas.more.MSTCPRequesterConnection$InThread.run(MSTCPRequesterConnection.java:410)
Transfer Complete. Took 1660ms
#5 Starting Transfer of me.jpg. Started at 1494592250966
Transfer Complete. Took 1636ms
#6 Starting Transfer of me.jpg. Started at 1494592253098
Transfer Complete. Took 1641ms
#7 Starting Transfer of me.jpg. Started at 1494592255234
Exception in thread "Thread-25" java.lang.IllegalStateException: Timer already cancelled.
	at java.util.Timer.sched(Timer.java:397)
	at java.util.Timer.schedule(Timer.java:193)
	at MSTCP.vegas.more.MSTCPRequesterConnection.setTimer(MSTCPRequesterConnection.java:96)
	at MSTCP.vegas.more.MSTCPRequesterConnection.access$700(MSTCPRequesterConnection.java:19)
	at MSTCP.vegas.more.MSTCPRequesterConnection$InThread.run(MSTCPRequesterConnection.java:410)
Transfer Complete. Took 1668ms
#8 Starting Transfer of me.jpg. Started at 1494592257388
Transfer Complete. Took 1656ms
#9 Starting Transfer of me.jpg. Started at 1494592259550
Transfer Complete. Took 1661ms
../evaluation/data/timing/s2_p1_c2_b64_p0.00/
rm: cannot remove ‘../evaluation/data/timing/s2_p1_c2_b64_p0.00/’: No such file or directory
#0 Starting Transfer of me.jpg. Started at 1494592261714
Transfer Complete. Took 1751ms
#1 Starting Transfer of me.jpg. Started at 1494592263952
Transfer Complete. Took 1702ms
#2 Starting Transfer of me.jpg. Started at 1494592266154
Transfer Complete. Took 2050ms
#3 Starting Transfer of me.jpg. Started at 1494592268700
Transfer Complete. Took 1720ms
#4 Starting Transfer of me.jpg. Started at 1494592270905
Transfer Complete. Took 1689ms
#5 Starting Transfer of me.jpg. Started at 1494592273088
Transfer Complete. Took 1711ms
#6 Starting Transfer of me.jpg. Started at 1494592275289
Transfer Complete. Took 1741ms
#7 Starting Transfer of me.jpg. Started at 1494592277520
Transfer Complete. Took 1748ms
#8 Starting Transfer of me.jpg. Started at 1494592279770
Transfer Complete. Took 1738ms
#9 Starting Transfer of me.jpg. Started at 1494592282001
Transfer Complete. Took 1718ms
../evaluation/data/timing/s2_p2_c4_b1_p0.00/
rm: cannot remove ‘../evaluation/data/timing/s2_p2_c4_b1_p0.00/’: No such file or directory
#0 Starting Transfer of me.jpg. Started at 1494592284218
Transfer Complete. Took 1441ms
#1 Starting Transfer of me.jpg. Started at 1494592286158
Transfer Complete. Took 1589ms
#2 Starting Transfer of me.jpg. Started at 1494592288248
Transfer Complete. Took 1356ms
#3 Starting Transfer of me.jpg. Started at 1494592290112
Transfer Complete. Took 1319ms
#4 Starting Transfer of me.jpg. Started at 1494592291949
Transfer Complete. Took 1491ms
#5 Starting Transfer of me.jpg. Started at 1494592293930
Transfer Complete. Took 1356ms
#6 Starting Transfer of me.jpg. Started at 1494592295793
Transfer Complete. Took 1221ms
#7 Starting Transfer of me.jpg. Started at 1494592297519
Transfer Complete. Took 1562ms
#8 Starting Transfer of me.jpg. Started at 1494592299583
Transfer Complete. Took 1201ms
#9 Starting Transfer of me.jpg. Started at 1494592301287
Transfer Complete. Took 1601ms
../evaluation/data/timing/s2_p2_c4_b16_p0.00/
rm: cannot remove ‘../evaluation/data/timing/s2_p2_c4_b16_p0.00/’: No such file or directory
#0 Starting Transfer of me.jpg. Started at 1494592303401
Transfer Complete. Took 983ms
#1 Starting Transfer of me.jpg. Started at 1494592304884
Transfer Complete. Took 1051ms
#2 Starting Transfer of me.jpg. Started at 1494592306447
Transfer Complete. Took 1036ms
#3 Starting Transfer of me.jpg. Started at 1494592307989
Transfer Complete. Took 1001ms
#4 Starting Transfer of me.jpg. Started at 1494592309487
Transfer Complete. Took 956ms
#5 Starting Transfer of me.jpg. Started at 1494592310939
Exception in thread "Thread-45" java.lang.IllegalStateException: Timer already cancelled.
	at java.util.Timer.sched(Timer.java:397)
	at java.util.Timer.schedule(Timer.java:193)
	at MSTCP.vegas.more.MSTCPRequesterConnection.setTimer(MSTCPRequesterConnection.java:96)
	at MSTCP.vegas.more.MSTCPRequesterConnection.access$700(MSTCPRequesterConnection.java:19)
	at MSTCP.vegas.more.MSTCPRequesterConnection$InThread.run(MSTCPRequesterConnection.java:410)
Transfer Complete. Took 1040ms
#6 Starting Transfer of me.jpg. Started at 1494592312482
Transfer Complete. Took 1083ms
#7 Starting Transfer of me.jpg. Started at 1494592314086
Transfer Complete. Took 1019ms
#8 Starting Transfer of me.jpg. Started at 1494592315614
Transfer Complete. Took 1031ms
#9 Starting Transfer of me.jpg. Started at 1494592317148
Transfer Complete. Took 1041ms
../evaluation/data/timing/s2_p2_c4_b64_p0.00/
rm: cannot remove ‘../evaluation/data/timing/s2_p2_c4_b64_p0.00/’: No such file or directory
#0 Starting Transfer of me.jpg. Started at 1494592318712
Transfer Complete. Took 1068ms
#1 Starting Transfer of me.jpg. Started at 1494592320280
Transfer Complete. Took 1113ms
#2 Starting Transfer of me.jpg. Started at 1494592321897
Transfer Complete. Took 1019ms
#3 Starting Transfer of me.jpg. Started at 1494592323407
Transfer Complete. Took 1070ms
#4 Starting Transfer of me.jpg. Started at 1494592324992
Transfer Complete. Took 1076ms
#5 Starting Transfer of me.jpg. Started at 1494592326573
Transfer Complete. Took 1083ms
#6 Starting Transfer of me.jpg. Started at 1494592328160
Transfer Complete. Took 1097ms
#7 Starting Transfer of me.jpg. Started at 1494592329751
Transfer Complete. Took 1070ms
#8 Starting Transfer of me.jpg. Started at 1494592331325
Transfer Complete. Took 1077ms
#9 Starting Transfer of me.jpg. Started at 1494592332909
Transfer Complete. Took 1044ms
We Done Here.
