../evaluation/data/timing/s1_p1_c1_b1_p0.03/
#0 Starting Transfer of me.jpg. Started at 1494592203725
Transfer Complete. Took 1246ms
#1 Starting Transfer of me.jpg. Started at 1494592205454
Transfer Complete. Took 1530ms
#2 Starting Transfer of me.jpg. Started at 1494592207458
Transfer Complete. Took 1362ms
#3 Starting Transfer of me.jpg. Started at 1494592209312
Transfer Complete. Took 1371ms
#4 Starting Transfer of me.jpg. Started at 1494592211164
Transfer Complete. Took 1315ms
#5 Starting Transfer of me.jpg. Started at 1494592212985
Transfer Complete. Took 1453ms
#6 Starting Transfer of me.jpg. Started at 1494592214935
Transfer Complete. Took 1249ms
#7 Starting Transfer of me.jpg. Started at 1494592216672
Transfer Complete. Took 1372ms
#8 Starting Transfer of me.jpg. Started at 1494592218534
Transfer Complete. Took 1177ms
#9 Starting Transfer of me.jpg. Started at 1494592220204
Transfer Complete. Took 1292ms
../evaluation/data/timing/s1_p1_c1_b16_p0.03/
#0 Starting Transfer of me.jpg. Started at 1494592221990
Transfer Complete. Took 1011ms
#1 Starting Transfer of me.jpg. Started at 1494592223484
Transfer Complete. Took 1163ms
#2 Starting Transfer of me.jpg. Started at 1494592225153
Transfer Complete. Took 1134ms
#3 Starting Transfer of me.jpg. Started at 1494592226778
Transfer Complete. Took 964ms
#4 Starting Transfer of me.jpg. Started at 1494592228215
Transfer Complete. Took 1027ms
#5 Starting Transfer of me.jpg. Started at 1494592229719
Transfer Complete. Took 979ms
#6 Starting Transfer of me.jpg. Started at 1494592231185
Transfer Complete. Took 1414ms
#7 Starting Transfer of me.jpg. Started at 1494592233105
Transfer Complete. Took 830ms
#8 Starting Transfer of me.jpg. Started at 1494592234408
Transfer Complete. Took 918ms
#9 Starting Transfer of me.jpg. Started at 1494592235808
Transfer Complete. Took 1037ms
../evaluation/data/timing/s1_p1_c1_b64_p0.03/
#0 Starting Transfer of me.jpg. Started at 1494592237351
Transfer Complete. Took 1347ms
#1 Starting Transfer of me.jpg. Started at 1494592239181
Transfer Complete. Took 1031ms
#2 Starting Transfer of me.jpg. Started at 1494592240687
Transfer Complete. Took 916ms
#3 Starting Transfer of me.jpg. Started at 1494592242080
Transfer Complete. Took 1037ms
#4 Starting Transfer of me.jpg. Started at 1494592243602
Transfer Complete. Took 1058ms
#5 Starting Transfer of me.jpg. Started at 1494592245138
Transfer Complete. Took 1099ms
#6 Starting Transfer of me.jpg. Started at 1494592246722
Transfer Complete. Took 1269ms
#7 Starting Transfer of me.jpg. Started at 1494592248477
Transfer Complete. Took 1350ms
#8 Starting Transfer of me.jpg. Started at 1494592250323
Transfer Complete. Took 1624ms
#9 Starting Transfer of me.jpg. Started at 1494592252430
Transfer Complete. Took 944ms
../evaluation/data/timing/s1_p2_c2_b1_p0.03/
#0 Starting Transfer of me.jpg. Started at 1494592253879
Transfer Complete. Took 1372ms
#1 Starting Transfer of me.jpg. Started at 1494592255741
Transfer Complete. Took 1426ms
#2 Starting Transfer of me.jpg. Started at 1494592257666
Transfer Complete. Took 1451ms
#3 Starting Transfer of me.jpg. Started at 1494592259605
Transfer Complete. Took 1599ms
#4 Starting Transfer of me.jpg. Started at 1494592261691
Transfer Complete. Took 1483ms
#5 Starting Transfer of me.jpg. Started at 1494592263662
Transfer Complete. Took 1258ms
#6 Starting Transfer of me.jpg. Started at 1494592265415
Transfer Complete. Took 1255ms
#7 Starting Transfer of me.jpg. Started at 1494592267153
Transfer Complete. Took 1392ms
#8 Starting Transfer of me.jpg. Started at 1494592269032
Transfer Complete. Took 1149ms
#9 Starting Transfer of me.jpg. Started at 1494592270667
Transfer Complete. Took 1349ms
../evaluation/data/timing/s1_p2_c2_b16_p0.03/
#0 Starting Transfer of me.jpg. Started at 1494592272532
Transfer Complete. Took 982ms
#1 Starting Transfer of me.jpg. Started at 1494592273998
Transfer Complete. Took 955ms
#2 Starting Transfer of me.jpg. Started at 1494592275449
Transfer Complete. Took 901ms
#3 Starting Transfer of me.jpg. Started at 1494592276841
Transfer Complete. Took 928ms
#4 Starting Transfer of me.jpg. Started at 1494592278249
Transfer Complete. Took 870ms
#5 Starting Transfer of me.jpg. Started at 1494592279618
Transfer Complete. Took 900ms
#6 Starting Transfer of me.jpg. Started at 1494592281007
Transfer Complete. Took 1016ms
#7 Starting Transfer of me.jpg. Started at 1494592282513
Transfer Complete. Took 1152ms
#8 Starting Transfer of me.jpg. Started at 1494592284156
Transfer Complete. Took 836ms
#9 Starting Transfer of me.jpg. Started at 1494592285483
Transfer Complete. Took 1135ms
../evaluation/data/timing/s1_p2_c2_b64_p0.03/
#0 Starting Transfer of me.jpg. Started at 1494592287116
Transfer Complete. Took 1059ms
#1 Starting Transfer of me.jpg. Started at 1494592288664
Transfer Complete. Took 1050ms
#2 Starting Transfer of me.jpg. Started at 1494592290200
Transfer Complete. Took 1014ms
#3 Starting Transfer of me.jpg. Started at 1494592291708
Transfer Complete. Took 1029ms
#4 Starting Transfer of me.jpg. Started at 1494592293223
Transfer Complete. Took 1120ms
#5 Starting Transfer of me.jpg. Started at 1494592294838
Transfer Complete. Took 1038ms
#6 Starting Transfer of me.jpg. Started at 1494592296365
Transfer Complete. Took 1135ms
#7 Starting Transfer of me.jpg. Started at 1494592297987
Transfer Complete. Took 1170ms
#8 Starting Transfer of me.jpg. Started at 1494592299639
Transfer Complete. Took 921ms
#9 Starting Transfer of me.jpg. Started at 1494592301041
Transfer Complete. Took 1181ms
../evaluation/data/timing/s2_p1_c2_b1_p0.03/
#0 Starting Transfer of me.jpg. Started at 1494592302744
Transfer Complete. Took 2109ms
#1 Starting Transfer of me.jpg. Started at 1494592305357
Transfer Complete. Took 1967ms
#2 Starting Transfer of me.jpg. Started at 1494592307824
Transfer Complete. Took 2173ms
#3 Starting Transfer of me.jpg. Started at 1494592310494
Transfer Complete. Took 2095ms
#4 Starting Transfer of me.jpg. Started at 1494592313083
Transfer Complete. Took 2208ms
#5 Starting Transfer of me.jpg. Started at 1494592315778
Transfer Complete. Took 2284ms
#6 Starting Transfer of me.jpg. Started at 1494592318553
Transfer Complete. Took 2127ms
#7 Starting Transfer of me.jpg. Started at 1494592321176
Transfer Complete. Took 2102ms
#8 Starting Transfer of me.jpg. Started at 1494592323772
Transfer Complete. Took 1986ms
#9 Starting Transfer of me.jpg. Started at 1494592326276
Transfer Complete. Took 2314ms
../evaluation/data/timing/s2_p1_c2_b16_p0.03/
rm: cannot remove ‘../evaluation/data/timing/s2_p1_c2_b16_p0.03/’: No such file or directory
#0 Starting Transfer of me.jpg. Started at 1494592329104
Transfer Complete. Took 1797ms
#1 Starting Transfer of me.jpg. Started at 1494592331403
Transfer Complete. Took 1766ms
#2 Starting Transfer of me.jpg. Started at 1494592333671
Transfer Complete. Took 1758ms
#3 Starting Transfer of me.jpg. Started at 1494592335919
Transfer Complete. Took 1906ms
#4 Starting Transfer of me.jpg. Started at 1494592338324
Transfer Complete. Took 1809ms
#5 Starting Transfer of me.jpg. Started at 1494592340623
Transfer Complete. Took 1735ms
#6 Starting Transfer of me.jpg. Started at 1494592342843
Transfer Complete. Took 1781ms
#7 Starting Transfer of me.jpg. Started at 1494592345117
Transfer Complete. Took 1665ms
#8 Starting Transfer of me.jpg. Started at 1494592347286
Transfer Complete. Took 1745ms
#9 Starting Transfer of me.jpg. Started at 1494592349533
Transfer Complete. Took 1824ms
../evaluation/data/timing/s2_p1_c2_b64_p0.03/
rm: cannot remove ‘../evaluation/data/timing/s2_p1_c2_b64_p0.03/’: No such file or directory
#0 Starting Transfer of me.jpg. Started at 1494592351874
Transfer Complete. Took 1882ms
#1 Starting Transfer of me.jpg. Started at 1494592354247
Transfer Complete. Took 1842ms
#2 Starting Transfer of me.jpg. Started at 1494592356573
Transfer Complete. Took 2338ms
#3 Starting Transfer of me.jpg. Started at 1494592359405
Transfer Complete. Took 1824ms
#4 Starting Transfer of me.jpg. Started at 1494592361720
Transfer Complete. Took 2472ms
#5 Starting Transfer of me.jpg. Started at 1494592364684
Transfer Complete. Took 1927ms
#6 Starting Transfer of me.jpg. Started at 1494592367111
Transfer Complete. Took 1810ms
#7 Starting Transfer of me.jpg. Started at 1494592369434
Transfer Complete. Took 1929ms
#8 Starting Transfer of me.jpg. Started at 1494592371885
Transfer Complete. Took 2061ms
#9 Starting Transfer of me.jpg. Started at 1494592374445
Transfer Complete. Took 1911ms
../evaluation/data/timing/s2_p2_c4_b1_p0.03/
rm: cannot remove ‘../evaluation/data/timing/s2_p2_c4_b1_p0.03/’: No such file or directory
#0 Starting Transfer of me.jpg. Started at 1494592376871
Transfer Complete. Took 1420ms
#1 Starting Transfer of me.jpg. Started at 1494592378798
Transfer Complete. Took 1857ms
#2 Starting Transfer of me.jpg. Started at 1494592381162
Transfer Complete. Took 2079ms
#3 Starting Transfer of me.jpg. Started at 1494592383759
Transfer Complete. Took 1599ms
#4 Starting Transfer of me.jpg. Started at 1494592385876
Transfer Complete. Took 1356ms
#5 Starting Transfer of me.jpg. Started at 1494592387729
Transfer Complete. Took 1343ms
#6 Starting Transfer of me.jpg. Started at 1494592389583
Transfer Complete. Took 1458ms
#7 Starting Transfer of me.jpg. Started at 1494592391550
Transfer Complete. Took 1638ms
#8 Starting Transfer of me.jpg. Started at 1494592393695
Transfer Complete. Took 1835ms
#9 Starting Transfer of me.jpg. Started at 1494592396040
Transfer Complete. Took 1885ms
../evaluation/data/timing/s2_p2_c4_b16_p0.03/
rm: cannot remove ‘../evaluation/data/timing/s2_p2_c4_b16_p0.03/’: No such file or directory
#0 Starting Transfer of me.jpg. Started at 1494592398454
Transfer Complete. Took 1066ms
#1 Starting Transfer of me.jpg. Started at 1494592400038
Exception in thread "Thread-53" java.lang.IllegalStateException: Timer already cancelled.
	at java.util.Timer.sched(Timer.java:397)
	at java.util.Timer.schedule(Timer.java:193)
	at MSTCP.vegas.more.MSTCPRequesterConnection.setTimer(MSTCPRequesterConnection.java:96)
	at MSTCP.vegas.more.MSTCPRequesterConnection.access$700(MSTCPRequesterConnection.java:19)
	at MSTCP.vegas.more.MSTCPRequesterConnection$InThread.run(MSTCPRequesterConnection.java:410)
Transfer Complete. Took 1047ms
#2 Starting Transfer of me.jpg. Started at 1494592401582
Transfer Complete. Took 1096ms
#3 Starting Transfer of me.jpg. Started at 1494592403181
Transfer Complete. Took 947ms
#4 Starting Transfer of me.jpg. Started at 1494592404635
Transfer Complete. Took 1027ms
#5 Starting Transfer of me.jpg. Started at 1494592406172
Transfer Complete. Took 1005ms
#6 Starting Transfer of me.jpg. Started at 1494592407702
Transfer Complete. Took 1066ms
#7 Starting Transfer of me.jpg. Started at 1494592409272
Transfer Complete. Took 977ms
#8 Starting Transfer of me.jpg. Started at 1494592410737
Transfer Complete. Took 1024ms
#9 Starting Transfer of me.jpg. Started at 1494592412268
Transfer Complete. Took 1094ms
../evaluation/data/timing/s2_p2_c4_b64_p0.03/
rm: cannot remove ‘../evaluation/data/timing/s2_p2_c4_b64_p0.03/’: No such file or directory
#0 Starting Transfer of me.jpg. Started at 1494592413872
Transfer Complete. Took 1085ms
#1 Starting Transfer of me.jpg. Started at 1494592415464
Transfer Complete. Took 1096ms
#2 Starting Transfer of me.jpg. Started at 1494592417063
Transfer Complete. Took 1132ms
#3 Starting Transfer of me.jpg. Started at 1494592418732
Transfer Complete. Took 1069ms
#4 Starting Transfer of me.jpg. Started at 1494592420309
Transfer Complete. Took 1087ms
#5 Starting Transfer of me.jpg. Started at 1494592421903
Transfer Complete. Took 1200ms
#6 Starting Transfer of me.jpg. Started at 1494592423606
Transfer Complete. Took 1244ms
#7 Starting Transfer of me.jpg. Started at 1494592425360
Transfer Complete. Took 1036ms
#8 Starting Transfer of me.jpg. Started at 1494592426913
Transfer Complete. Took 1091ms
#9 Starting Transfer of me.jpg. Started at 1494592428529
Exception in thread "Thread-37" java.lang.IllegalStateException: Timer already cancelled.
	at java.util.Timer.sched(Timer.java:397)
	at java.util.Timer.schedule(Timer.java:193)
	at MSTCP.vegas.more.MSTCPRequesterConnection.setTimer(MSTCPRequesterConnection.java:96)
	at MSTCP.vegas.more.MSTCPRequesterConnection.access$700(MSTCPRequesterConnection.java:19)
	at MSTCP.vegas.more.MSTCPRequesterConnection$InThread.run(MSTCPRequesterConnection.java:410)
Transfer Complete. Took 1192ms
We Done Here.
