../evaluation/data/break/s2_p2_c4_b16_p0.05/
rm: cannot remove ‘../evaluation/data/break/s2_p2_c4_b16_p0.05/’: No such file or directory
#0 Starting Transfer of me.jpg. Started at 1494585178924
Transfer Complete. Took 2476ms
#1 Starting Transfer of me.jpg. Started at 1494585181893
Transfer Complete. Took 2431ms
#2 Starting Transfer of me.jpg. Started at 1494585184837
Transfer Complete. Took 2439ms
#3 Starting Transfer of me.jpg. Started at 1494585187763
Transfer Complete. Took 2452ms
#4 Starting Transfer of me.jpg. Started at 1494585190724
Transfer Complete. Took 2530ms
#5 Starting Transfer of me.jpg. Started at 1494585193759
Transfer Complete. Took 2395ms
#6 Starting Transfer of me.jpg. Started at 1494585196663
Transfer Complete. Took 2517ms
#7 Starting Transfer of me.jpg. Started at 1494585199683
Transfer Complete. Took 2460ms
#8 Starting Transfer of me.jpg. Started at 1494585202638
Transfer Complete. Took 2406ms
#9 Starting Transfer of me.jpg. Started at 1494585205549
Transfer Complete. Took 2638ms
#10 Starting Transfer of me.jpg. Started at 1494585208696
Transfer Complete. Took 2900ms
#11 Starting Transfer of me.jpg. Started at 1494585212102
Transfer Complete. Took 2453ms
#12 Starting Transfer of me.jpg. Started at 1494585215053
Transfer Complete. Took 2469ms
#13 Starting Transfer of me.jpg. Started at 1494585218014
Transfer Complete. Took 2398ms
#14 Starting Transfer of me.jpg. Started at 1494585220909
Transfer Complete. Took 2384ms
#15 Starting Transfer of me.jpg. Started at 1494585223788
Transfer Complete. Took 2406ms
#16 Starting Transfer of me.jpg. Started at 1494585226680
Transfer Complete. Took 2715ms
#17 Starting Transfer of me.jpg. Started at 1494585229900
Transfer Complete. Took 2401ms
#18 Starting Transfer of me.jpg. Started at 1494585232801
Transfer Complete. Took 2555ms
#19 Starting Transfer of me.jpg. Started at 1494585235855
Transfer Complete. Took 2455ms
#20 Starting Transfer of me.jpg. Started at 1494585238812
Transfer Complete. Took 2544ms
#21 Starting Transfer of me.jpg. Started at 1494585241860
Transfer Complete. Took 2400ms
#22 Starting Transfer of me.jpg. Started at 1494585244756
Transfer Complete. Took 2359ms
#23 Starting Transfer of me.jpg. Started at 1494585247616
Transfer Complete. Took 2603ms
#24 Starting Transfer of me.jpg. Started at 1494585250718
Transfer Complete. Took 3075ms
#25 Starting Transfer of me.jpg. Started at 1494585254291
Transfer Complete. Took 3025ms
#26 Starting Transfer of me.jpg. Started at 1494585257814
Transfer Complete. Took 2759ms
#27 Starting Transfer of me.jpg. Started at 1494585261081
Transfer Complete. Took 2516ms
#28 Starting Transfer of me.jpg. Started at 1494585264106
Transfer Complete. Took 2475ms
#29 Starting Transfer of me.jpg. Started at 1494585267107
Transfer Complete. Took 2463ms
#30 Starting Transfer of me.jpg. Started at 1494585270078
Transfer Complete. Took 2582ms
#31 Starting Transfer of me.jpg. Started at 1494585273152
Transfer Complete. Took 2489ms
#32 Starting Transfer of me.jpg. Started at 1494585276144
Transfer Complete. Took 2541ms
#33 Starting Transfer of me.jpg. Started at 1494585279180
Transfer Complete. Took 2527ms
#34 Starting Transfer of me.jpg. Started at 1494585282200
Transfer Complete. Took 2610ms
#35 Starting Transfer of me.jpg. Started at 1494585285314
Transfer Complete. Took 2542ms
#36 Starting Transfer of me.jpg. Started at 1494585288355
Transfer Complete. Took 2373ms
#37 Starting Transfer of me.jpg. Started at 1494585291237
Transfer Complete. Took 2466ms
#38 Starting Transfer of me.jpg. Started at 1494585294199
Transfer Complete. Took 3108ms
#39 Starting Transfer of me.jpg. Started at 1494585297800
Transfer Complete. Took 2398ms
#40 Starting Transfer of me.jpg. Started at 1494585300706
Transfer Complete. Took 2453ms
#41 Starting Transfer of me.jpg. Started at 1494585303646
Transfer Complete. Took 2431ms
#42 Starting Transfer of me.jpg. Started at 1494585306575
Transfer Complete. Took 2673ms
#43 Starting Transfer of me.jpg. Started at 1494585309748
Transfer Complete. Took 2467ms
#44 Starting Transfer of me.jpg. Started at 1494585312717
Transfer Complete. Took 2606ms
#45 Starting Transfer of me.jpg. Started at 1494585315827
Transfer Complete. Took 2455ms
#46 Starting Transfer of me.jpg. Started at 1494585318783
Transfer Complete. Took 2346ms
#47 Starting Transfer of me.jpg. Started at 1494585321636
Transfer Complete. Took 2610ms
#48 Starting Transfer of me.jpg. Started at 1494585324748
Transfer Complete. Took 2561ms
#49 Starting Transfer of me.jpg. Started at 1494585327811
Transfer Complete. Took 2926ms
#50 Starting Transfer of me.jpg. Started at 1494585331226
Transfer Complete. Took 2456ms
#51 Starting Transfer of me.jpg. Started at 1494585334179
Transfer Complete. Took 2488ms
#52 Starting Transfer of me.jpg. Started at 1494585337164
Transfer Complete. Took 2558ms
#53 Starting Transfer of me.jpg. Started at 1494585340230
Transfer Complete. Took 2540ms
#54 Starting Transfer of me.jpg. Started at 1494585343268
Transfer Complete. Took 2414ms
#55 Starting Transfer of me.jpg. Started at 1494585346178
Transfer Complete. Took 2425ms
#56 Starting Transfer of me.jpg. Started at 1494585349102
Transfer Complete. Took 2418ms
#57 Starting Transfer of me.jpg. Started at 1494585352022
Transfer Complete. Took 2529ms
#58 Starting Transfer of me.jpg. Started at 1494585355049
Transfer Complete. Took 2782ms
#59 Starting Transfer of me.jpg. Started at 1494585358333
Transfer Complete. Took 2551ms
#60 Starting Transfer of me.jpg. Started at 1494585361379
Transfer Complete. Took 2539ms
#61 Starting Transfer of me.jpg. Started at 1494585364424
Transfer Complete. Took 2915ms
#62 Starting Transfer of me.jpg. Started at 1494585367846
Transfer Complete. Took 2434ms
#63 Starting Transfer of me.jpg. Started at 1494585370783
Transfer Complete. Took 2548ms
#64 Starting Transfer of me.jpg. Started at 1494585373834
Transfer Complete. Took 2440ms
#65 Starting Transfer of me.jpg. Started at 1494585376788
Transfer Complete. Took 2817ms
#66 Starting Transfer of me.jpg. Started at 1494585380112
Transfer Complete. Took 2455ms
#67 Starting Transfer of me.jpg. Started at 1494585383063
Transfer Complete. Took 2344ms
#68 Starting Transfer of me.jpg. Started at 1494585385913
Transfer Complete. Took 2926ms
#69 Starting Transfer of me.jpg. Started at 1494585389341
Transfer Complete. Took 2473ms
#70 Starting Transfer of me.jpg. Started at 1494585392322
Transfer Complete. Took 2569ms
#71 Starting Transfer of me.jpg. Started at 1494585395393
Transfer Complete. Took 2494ms
#72 Starting Transfer of me.jpg. Started at 1494585398386
Transfer Complete. Took 2360ms
#73 Starting Transfer of me.jpg. Started at 1494585401245
Transfer Complete. Took 2657ms
#74 Starting Transfer of me.jpg. Started at 1494585404410
Transfer Complete. Took 2392ms
#75 Starting Transfer of me.jpg. Started at 1494585407299
Transfer Complete. Took 2478ms
#76 Starting Transfer of me.jpg. Started at 1494585410275
Transfer Complete. Took 2406ms
#77 Starting Transfer of me.jpg. Started at 1494585413182
Transfer Complete. Took 2742ms
#78 Starting Transfer of me.jpg. Started at 1494585416421
Transfer Complete. Took 2434ms
#79 Starting Transfer of me.jpg. Started at 1494585419351
Transfer Complete. Took 2597ms
#80 Starting Transfer of me.jpg. Started at 1494585422462
Transfer Complete. Took 2486ms
#81 Starting Transfer of me.jpg. Started at 1494585425442
Transfer Complete. Took 2597ms
#82 Starting Transfer of me.jpg. Started at 1494585428536
Transfer Complete. Took 2368ms
#83 Starting Transfer of me.jpg. Started at 1494585431400
Transfer Complete. Took 2518ms
#84 Starting Transfer of me.jpg. Started at 1494585434415
Transfer Complete. Took 2468ms
#85 Starting Transfer of me.jpg. Started at 1494585437381
Transfer Complete. Took 2483ms
#86 Starting Transfer of me.jpg. Started at 1494585440347
Transfer Complete. Took 2536ms
#87 Starting Transfer of me.jpg. Started at 1494585443385
Transfer Complete. Took 2488ms
#88 Starting Transfer of me.jpg. Started at 1494585446366
Transfer Complete. Took 2609ms
#89 Starting Transfer of me.jpg. Started at 1494585449471
Transfer Complete. Took 2519ms
#90 Starting Transfer of me.jpg. Started at 1494585452489
Transfer Complete. Took 2333ms
#91 Starting Transfer of me.jpg. Started at 1494585455328
Transfer Complete. Took 2349ms
#92 Starting Transfer of me.jpg. Started at 1494585458170
Transfer Complete. Took 2591ms
#93 Starting Transfer of me.jpg. Started at 1494585461271
Transfer Complete. Took 2509ms
#94 Starting Transfer of me.jpg. Started at 1494585464277
Transfer Complete. Took 2511ms
#95 Starting Transfer of me.jpg. Started at 1494585467285
Transfer Complete. Took 2520ms
#96 Starting Transfer of me.jpg. Started at 1494585470304
Transfer Complete. Took 2482ms
#97 Starting Transfer of me.jpg. Started at 1494585473281
Transfer Complete. Took 2400ms
#98 Starting Transfer of me.jpg. Started at 1494585476187
Transfer Complete. Took 2485ms
#99 Starting Transfer of me.jpg. Started at 1494585479168
Transfer Complete. Took 2317ms
We Done Here.
