../evaluation/data/break/s2_p2_c4_b64_p0.05/
rm: cannot remove ‘../evaluation/data/break/s2_p2_c4_b64_p0.05/’: No such file or directory
#0 Starting Transfer of me.jpg. Started at 1494585205308
Transfer Complete. Took 2526ms
#1 Starting Transfer of me.jpg. Started at 1494585208340
Transfer Complete. Took 2453ms
#2 Starting Transfer of me.jpg. Started at 1494585211288
Transfer Complete. Took 2883ms
#3 Starting Transfer of me.jpg. Started at 1494585214674
Transfer Complete. Took 2451ms
#4 Starting Transfer of me.jpg. Started at 1494585217619
Transfer Complete. Took 2431ms
#5 Starting Transfer of me.jpg. Started at 1494585220559
Transfer Complete. Took 2496ms
#6 Starting Transfer of me.jpg. Started at 1494585223559
Transfer Complete. Took 2427ms
#7 Starting Transfer of me.jpg. Started at 1494585226484
Transfer Complete. Took 3001ms
#8 Starting Transfer of me.jpg. Started at 1494585229980
Transfer Complete. Took 2414ms
#9 Starting Transfer of me.jpg. Started at 1494585232896
Transfer Complete. Took 2430ms
#10 Starting Transfer of me.jpg. Started at 1494585235823
Transfer Complete. Took 2515ms
#11 Starting Transfer of me.jpg. Started at 1494585238835
Transfer Complete. Took 2548ms
#12 Starting Transfer of me.jpg. Started at 1494585241885
Transfer Complete. Took 2460ms
#13 Starting Transfer of me.jpg. Started at 1494585244836
Transfer Complete. Took 2631ms
#14 Starting Transfer of me.jpg. Started at 1494585247963
Transfer Complete. Took 2534ms
#15 Starting Transfer of me.jpg. Started at 1494585250999
Transfer Complete. Took 2435ms
#16 Starting Transfer of me.jpg. Started at 1494585253942
Transfer Complete. Took 2544ms
#17 Starting Transfer of me.jpg. Started at 1494585257000
Transfer Complete. Took 2898ms
#18 Starting Transfer of me.jpg. Started at 1494585260401
Transfer Complete. Took 2507ms
#19 Starting Transfer of me.jpg. Started at 1494585263407
Transfer Complete. Took 2428ms
#20 Starting Transfer of me.jpg. Started at 1494585266369
Transfer Complete. Took 2471ms
#21 Starting Transfer of me.jpg. Started at 1494585269340
Transfer Complete. Took 2567ms
#22 Starting Transfer of me.jpg. Started at 1494585272406
Transfer Complete. Took 2535ms
#23 Starting Transfer of me.jpg. Started at 1494585275439
Transfer Complete. Took 2648ms
#24 Starting Transfer of me.jpg. Started at 1494585278600
Transfer Complete. Took 2416ms
#25 Starting Transfer of me.jpg. Started at 1494585281514
Transfer Complete. Took 2583ms
#26 Starting Transfer of me.jpg. Started at 1494585284593
Transfer Complete. Took 2580ms
#27 Starting Transfer of me.jpg. Started at 1494585287678
Transfer Complete. Took 2510ms
#28 Starting Transfer of me.jpg. Started at 1494585290690
Transfer Complete. Took 2563ms
#29 Starting Transfer of me.jpg. Started at 1494585293754
Transfer Complete. Took 3021ms
#30 Starting Transfer of me.jpg. Started at 1494585297270
Transfer Complete. Took 1777ms
#31 Starting Transfer of me.jpg. Started at 1494585299547
Transfer Complete. Took 2722ms
#32 Starting Transfer of me.jpg. Started at 1494585302779
Transfer Complete. Took 2594ms
#33 Starting Transfer of me.jpg. Started at 1494585305863
Transfer Complete. Took 2457ms
#34 Starting Transfer of me.jpg. Started at 1494585308808
Transfer Complete. Took 2593ms
#35 Starting Transfer of me.jpg. Started at 1494585311900
Transfer Complete. Took 2527ms
#36 Starting Transfer of me.jpg. Started at 1494585314936
Transfer Complete. Took 2482ms
#37 Starting Transfer of me.jpg. Started at 1494585317918
Transfer Complete. Took 2432ms
#38 Starting Transfer of me.jpg. Started at 1494585320861
Transfer Complete. Took 2450ms
#39 Starting Transfer of me.jpg. Started at 1494585323804
Transfer Complete. Took 2658ms
#40 Starting Transfer of me.jpg. Started at 1494585326967
Transfer Complete. Took 2523ms
#41 Starting Transfer of me.jpg. Started at 1494585329987
Transfer Complete. Took 2415ms
#42 Starting Transfer of me.jpg. Started at 1494585332911
Transfer Complete. Took 2503ms
#43 Starting Transfer of me.jpg. Started at 1494585335910
Transfer Complete. Took 2452ms
#44 Starting Transfer of me.jpg. Started at 1494585338860
Transfer Complete. Took 2630ms
#45 Starting Transfer of me.jpg. Started at 1494585341992
Transfer Complete. Took 2416ms
#46 Starting Transfer of me.jpg. Started at 1494585344911
Transfer Complete. Took 2972ms
#47 Starting Transfer of me.jpg. Started at 1494585348384
Transfer Complete. Took 2429ms
#48 Starting Transfer of me.jpg. Started at 1494585351315
Transfer Complete. Took 2493ms
#49 Starting Transfer of me.jpg. Started at 1494585354304
Transfer Complete. Took 2439ms
#50 Starting Transfer of me.jpg. Started at 1494585357240
Transfer Complete. Took 2422ms
#51 Starting Transfer of me.jpg. Started at 1494585360164
Transfer Complete. Took 2454ms
#52 Starting Transfer of me.jpg. Started at 1494585363123
Transfer Complete. Took 2846ms
#53 Starting Transfer of me.jpg. Started at 1494585366463
Transfer Complete. Took 2634ms
#54 Starting Transfer of me.jpg. Started at 1494585369595
Transfer Complete. Took 2607ms
#55 Starting Transfer of me.jpg. Started at 1494585372712
Transfer Complete. Took 2404ms
#56 Starting Transfer of me.jpg. Started at 1494585375617
Transfer Complete. Took 2387ms
#57 Starting Transfer of me.jpg. Started at 1494585378501
Transfer Complete. Took 3273ms
#58 Starting Transfer of me.jpg. Started at 1494585382274
Transfer Complete. Took 2545ms
#59 Starting Transfer of me.jpg. Started at 1494585385317
Transfer Complete. Took 2582ms
#60 Starting Transfer of me.jpg. Started at 1494585388400
Transfer Complete. Took 2702ms
#61 Starting Transfer of me.jpg. Started at 1494585391599
Transfer Complete. Took 2399ms
#62 Starting Transfer of me.jpg. Started at 1494585394492
Transfer Complete. Took 2497ms
#63 Starting Transfer of me.jpg. Started at 1494585397488
Transfer Complete. Took 2711ms
#64 Starting Transfer of me.jpg. Started at 1494585400689
Transfer Complete. Took 2573ms
#65 Starting Transfer of me.jpg. Started at 1494585403757
Transfer Complete. Took 2466ms
#66 Starting Transfer of me.jpg. Started at 1494585406724
Transfer Complete. Took 2450ms
#67 Starting Transfer of me.jpg. Started at 1494585409667
Transfer Complete. Took 2548ms
#68 Starting Transfer of me.jpg. Started at 1494585412720
Transfer Complete. Took 2530ms
#69 Starting Transfer of me.jpg. Started at 1494585415739
Transfer Complete. Took 2504ms
#70 Starting Transfer of me.jpg. Started at 1494585418739
Transfer Complete. Took 2467ms
#71 Starting Transfer of me.jpg. Started at 1494585421716
Transfer Complete. Took 2554ms
#72 Starting Transfer of me.jpg. Started at 1494585424792
Transfer Complete. Took 2645ms
#73 Starting Transfer of me.jpg. Started at 1494585427931
Transfer Complete. Took 2544ms
#74 Starting Transfer of me.jpg. Started at 1494585430962
Transfer Complete. Took 2433ms
#75 Starting Transfer of me.jpg. Started at 1494585433900
Transfer Complete. Took 2506ms
#76 Starting Transfer of me.jpg. Started at 1494585436908
Transfer Complete. Took 2736ms
#77 Starting Transfer of me.jpg. Started at 1494585440137
Transfer Complete. Took 2615ms
#78 Starting Transfer of me.jpg. Started at 1494585443257
Transfer Complete. Took 2502ms
#79 Starting Transfer of me.jpg. Started at 1494585446259
Transfer Complete. Took 2545ms
#80 Starting Transfer of me.jpg. Started at 1494585449296
Transfer Complete. Took 2431ms
#81 Starting Transfer of me.jpg. Started at 1494585452223
Transfer Complete. Took 2496ms
#82 Starting Transfer of me.jpg. Started at 1494585455221
Transfer Complete. Took 2494ms
#83 Starting Transfer of me.jpg. Started at 1494585458216
Transfer Complete. Took 2551ms
#84 Starting Transfer of me.jpg. Started at 1494585461262
Transfer Complete. Took 2479ms
#85 Starting Transfer of me.jpg. Started at 1494585464245
Transfer Complete. Took 2458ms
#86 Starting Transfer of me.jpg. Started at 1494585467195
Transfer Complete. Took 2436ms
#87 Starting Transfer of me.jpg. Started at 1494585470138
Transfer Complete. Took 2597ms
#88 Starting Transfer of me.jpg. Started at 1494585473238
Transfer Complete. Took 2667ms
#89 Starting Transfer of me.jpg. Started at 1494585476407
Transfer Complete. Took 2524ms
#90 Starting Transfer of me.jpg. Started at 1494585479434
Transfer Complete. Took 2401ms
#91 Starting Transfer of me.jpg. Started at 1494585482353
Transfer Complete. Took 2601ms
#92 Starting Transfer of me.jpg. Started at 1494585485449
Transfer Complete. Took 2496ms
#93 Starting Transfer of me.jpg. Started at 1494585488467
Transfer Complete. Took 2444ms
#94 Starting Transfer of me.jpg. Started at 1494585491404
Transfer Complete. Took 2469ms
#95 Starting Transfer of me.jpg. Started at 1494585494369
Transfer Complete. Took 3020ms
#96 Starting Transfer of me.jpg. Started at 1494585497891
Transfer Complete. Took 2516ms
#97 Starting Transfer of me.jpg. Started at 1494585500913
Transfer Complete. Took 2514ms
#98 Starting Transfer of me.jpg. Started at 1494585503938
Transfer Complete. Took 2443ms
#99 Starting Transfer of me.jpg. Started at 1494585506895
Transfer Complete. Took 2923ms
We Done Here.
